mode: set
kudago/cmd/event/config/config.go:17.35,20.16 3 0
kudago/cmd/event/config/config.go:20.16,22.3 1 0
kudago/cmd/event/config/config.go:24.2,25.16 2 0
kudago/cmd/event/config/config.go:25.16,27.3 1 0
kudago/cmd/event/config/config.go:28.2,31.28 3 0
kudago/cmd/event/config/config.go:31.28,33.3 1 0
kudago/cmd/event/config/config.go:35.2,35.18 1 0
kudago/cmd/event/main.go:24.13,26.16 2 0
kudago/cmd/event/main.go:26.16,28.3 1 0
kudago/cmd/event/main.go:30.2,31.16 2 0
kudago/cmd/event/main.go:31.16,33.3 1 0
kudago/cmd/event/main.go:34.2,37.16 3 0
kudago/cmd/event/main.go:37.16,39.3 1 0
kudago/cmd/event/main.go:40.2,43.16 3 0
kudago/cmd/event/main.go:43.16,45.3 1 0
kudago/cmd/event/main.go:47.2,64.12 9 0
kudago/cmd/event/main.go:64.12,68.63 4 0
kudago/cmd/event/main.go:68.63,70.4 1 0
kudago/cmd/event/main.go:73.2,74.51 2 0
kudago/cmd/event/main.go:74.51,76.3 1 0
kudago/cmd/image/main.go:21.13,23.16 2 0
kudago/cmd/image/main.go:23.16,25.3 1 0
kudago/cmd/image/main.go:27.2,28.16 2 0
kudago/cmd/image/main.go:28.16,30.3 1 0
kudago/cmd/image/main.go:31.2,34.16 3 0
kudago/cmd/image/main.go:34.16,36.3 1 0
kudago/cmd/image/main.go:38.2,53.12 7 0
kudago/cmd/image/main.go:53.12,57.63 4 0
kudago/cmd/image/main.go:57.63,59.4 1 0
kudago/cmd/image/main.go:62.2,63.51 2 0
kudago/cmd/image/main.go:63.51,65.3 1 0
kudago/cmd/auth/main.go:25.13,27.16 2 0
kudago/cmd/auth/main.go:27.16,29.3 1 0
kudago/cmd/auth/main.go:31.2,32.16 2 0
kudago/cmd/auth/main.go:32.16,34.3 1 0
kudago/cmd/auth/main.go:35.2,38.16 3 0
kudago/cmd/auth/main.go:38.16,40.3 1 0
kudago/cmd/auth/main.go:41.2,44.16 3 0
kudago/cmd/auth/main.go:44.16,46.3 1 0
kudago/cmd/auth/main.go:48.2,65.12 9 0
kudago/cmd/auth/main.go:65.12,69.63 4 0
kudago/cmd/auth/main.go:69.63,71.4 1 0
kudago/cmd/auth/main.go:74.2,75.51 2 0
kudago/cmd/auth/main.go:75.51,77.3 1 0
kudago/cmd/image/config/config.go:17.35,20.16 3 0
kudago/cmd/image/config/config.go:20.16,22.3 1 0
kudago/cmd/image/config/config.go:24.2,29.28 3 0
kudago/cmd/image/config/config.go:29.28,31.3 1 0
kudago/cmd/image/config/config.go:33.2,33.18 1 0
kudago/cmd/notification/main.go:23.13,25.16 2 0
kudago/cmd/notification/main.go:25.16,27.3 1 0
kudago/cmd/notification/main.go:29.2,30.16 2 0
kudago/cmd/notification/main.go:30.16,32.3 1 0
kudago/cmd/notification/main.go:33.2,36.16 3 0
kudago/cmd/notification/main.go:36.16,38.3 1 0
kudago/cmd/notification/main.go:39.2,42.16 3 0
kudago/cmd/notification/main.go:42.16,44.3 1 0
kudago/cmd/notification/main.go:46.2,62.12 7 0
kudago/cmd/notification/main.go:62.12,66.63 4 0
kudago/cmd/notification/main.go:66.63,68.4 1 0
kudago/cmd/notification/main.go:71.2,72.51 2 0
kudago/cmd/notification/main.go:72.51,74.3 1 0
kudago/cmd/auth/config/config.go:18.35,22.16 3 0
kudago/cmd/auth/config/config.go:22.16,24.3 1 0
kudago/cmd/auth/config/config.go:25.2,28.16 3 0
kudago/cmd/auth/config/config.go:28.16,30.3 1 0
kudago/cmd/auth/config/config.go:31.2,34.28 3 0
kudago/cmd/auth/config/config.go:34.28,36.3 1 0
kudago/cmd/auth/config/config.go:38.2,38.18 1 0
kudago/cmd/notification/config/config.go:17.35,20.16 3 0
kudago/cmd/notification/config/config.go:20.16,22.3 1 0
kudago/cmd/notification/config/config.go:24.2,25.16 2 0
kudago/cmd/notification/config/config.go:25.16,27.3 1 0
kudago/cmd/notification/config/config.go:28.2,31.28 3 0
kudago/cmd/notification/config/config.go:31.28,33.3 1 0
kudago/cmd/notification/config/config.go:35.2,35.18 1 0
kudago/cmd/user/main.go:23.13,25.16 2 0
kudago/cmd/user/main.go:25.16,27.3 1 0
kudago/cmd/user/main.go:29.2,30.16 2 0
kudago/cmd/user/main.go:30.16,32.3 1 0
kudago/cmd/user/main.go:33.2,36.16 3 0
kudago/cmd/user/main.go:36.16,38.3 1 0
kudago/cmd/user/main.go:39.2,42.16 3 0
kudago/cmd/user/main.go:42.16,44.3 1 0
kudago/cmd/user/main.go:46.2,62.12 8 0
kudago/cmd/user/main.go:62.12,66.63 4 0
kudago/cmd/user/main.go:66.63,68.4 1 0
kudago/cmd/user/main.go:71.2,72.51 2 0
kudago/cmd/user/main.go:72.51,74.3 1 0
kudago/internal/auth/grpc/auth.go:32.105,38.2 1 0
kudago/internal/auth/grpc/auth.go:40.50,47.2 1 0
kudago/internal/auth/grpc/check_session.go:15.104,17.16 2 0
kudago/internal/auth/grpc/check_session.go:17.16,18.45 1 0
kudago/internal/auth/grpc/check_session.go:18.45,20.4 1 0
kudago/internal/auth/grpc/check_session.go:21.3,22.56 2 0
kudago/internal/auth/grpc/check_session.go:25.2,31.18 2 0
kudago/internal/auth/grpc/create_session.go:13.106,15.16 2 0
kudago/internal/auth/grpc/create_session.go:15.16,18.3 2 0
kudago/internal/auth/grpc/create_session.go:20.2,26.18 2 0
kudago/internal/auth/grpc/get_user.go:14.91,16.16 2 0
kudago/internal/auth/grpc/get_user.go:16.16,17.45 1 0
kudago/internal/auth/grpc/get_user.go:17.45,19.4 1 0
kudago/internal/auth/grpc/get_user.go:20.3,21.56 2 0
kudago/internal/auth/grpc/get_user.go:24.2,26.18 2 0
kudago/internal/auth/grpc/login.go:14.87,21.16 3 0
kudago/internal/auth/grpc/login.go:21.16,22.45 1 0
kudago/internal/auth/grpc/login.go:22.45,24.4 1 0
kudago/internal/auth/grpc/login.go:25.3,26.56 2 0
kudago/internal/auth/grpc/login.go:29.2,31.18 2 0
kudago/internal/auth/grpc/logout.go:12.90,14.16 2 0
kudago/internal/auth/grpc/logout.go:14.16,17.3 2 0
kudago/internal/auth/grpc/logout.go:19.2,19.17 1 0
kudago/internal/auth/grpc/register.go:14.93,23.16 3 0
kudago/internal/auth/grpc/register.go:23.16,24.44 1 0
kudago/internal/auth/grpc/register.go:24.44,26.4 1 0
kudago/internal/auth/grpc/register.go:27.3,28.56 2 0
kudago/internal/auth/grpc/register.go:31.2,33.18 2 0
kudago/cmd/server/main.go:29.13,31.16 2 0
kudago/cmd/server/main.go:31.16,33.3 1 0
kudago/cmd/server/main.go:35.2,36.16 2 0
kudago/cmd/server/main.go:36.16,38.3 1 0
kudago/cmd/server/main.go:39.2,42.16 3 0
kudago/cmd/server/main.go:42.16,44.3 1 0
kudago/cmd/server/main.go:46.2,47.16 2 0
kudago/cmd/server/main.go:47.16,49.3 1 0
kudago/cmd/server/main.go:51.2,52.16 2 0
kudago/cmd/server/main.go:52.16,54.3 1 0
kudago/cmd/server/main.go:56.2,104.16 39 0
kudago/cmd/server/main.go:104.16,106.3 1 0
kudago/cmd/server/config/config.go:24.35,27.16 3 0
kudago/cmd/server/config/config.go:27.16,29.3 1 0
kudago/cmd/server/config/config.go:31.2,32.16 2 0
kudago/cmd/server/config/config.go:32.16,34.3 1 0
kudago/cmd/server/config/config.go:35.2,38.32 3 0
kudago/cmd/server/config/config.go:38.32,40.3 1 0
kudago/cmd/server/config/config.go:42.2,43.32 2 0
kudago/cmd/server/config/config.go:43.32,45.3 1 0
kudago/cmd/server/config/config.go:47.2,48.33 2 0
kudago/cmd/server/config/config.go:48.33,50.3 1 0
kudago/cmd/server/config/config.go:52.2,53.33 2 0
kudago/cmd/server/config/config.go:53.33,55.3 1 0
kudago/cmd/server/config/config.go:57.2,58.32 2 0
kudago/cmd/server/config/config.go:58.32,60.3 1 0
kudago/cmd/server/config/config.go:62.2,63.40 2 0
kudago/cmd/server/config/config.go:63.40,65.3 1 0
kudago/cmd/server/config/config.go:67.2,67.18 1 0
kudago/docs/docs.go:857.13,859.2 1 0
kudago/cmd/user/config/config.go:17.35,20.16 3 0
kudago/cmd/user/config/config.go:20.16,22.3 1 0
kudago/cmd/user/config/config.go:24.2,25.16 2 0
kudago/cmd/user/config/config.go:25.16,27.3 1 0
kudago/cmd/user/config/config.go:28.2,31.28 3 0
kudago/cmd/user/config/config.go:31.28,33.3 1 0
kudago/cmd/user/config/config.go:35.2,35.18 1 0
kudago/internal/auth/api/auth.pb.go:34.35,39.2 4 0
kudago/internal/auth/api/auth.pb.go:41.43,43.2 1 0
kudago/internal/auth/api/auth.pb.go:45.41,45.42 0 0
kudago/internal/auth/api/auth.pb.go:47.63,49.14 2 0
kudago/internal/auth/api/auth.pb.go:49.14,51.34 2 0
kudago/internal/auth/api/auth.pb.go:51.34,53.4 1 0
kudago/internal/auth/api/auth.pb.go:54.3,54.12 1 0
kudago/internal/auth/api/auth.pb.go:56.2,56.24 1 0
kudago/internal/auth/api/auth.pb.go:60.54,62.2 1 0
kudago/internal/auth/api/auth.pb.go:64.48,65.14 1 0
kudago/internal/auth/api/auth.pb.go:65.14,67.3 1 0
kudago/internal/auth/api/auth.pb.go:68.2,68.11 1 0
kudago/internal/auth/api/auth.pb.go:71.45,72.14 1 0
kudago/internal/auth/api/auth.pb.go:72.14,74.3 1 0
kudago/internal/auth/api/auth.pb.go:75.2,75.11 1 0
kudago/internal/auth/api/auth.pb.go:78.48,79.14 1 0
kudago/internal/auth/api/auth.pb.go:79.14,81.3 1 0
kudago/internal/auth/api/auth.pb.go:82.2,82.11 1 0
kudago/internal/auth/api/auth.pb.go:85.49,86.14 1 0
kudago/internal/auth/api/auth.pb.go:86.14,88.3 1 0
kudago/internal/auth/api/auth.pb.go:89.2,89.11 1 0
kudago/internal/auth/api/auth.pb.go:101.32,106.2 4 0
kudago/internal/auth/api/auth.pb.go:108.40,110.2 1 0
kudago/internal/auth/api/auth.pb.go:112.38,112.39 0 0
kudago/internal/auth/api/auth.pb.go:114.60,116.14 2 0
kudago/internal/auth/api/auth.pb.go:116.14,118.34 2 0
kudago/internal/auth/api/auth.pb.go:118.34,120.4 1 0
kudago/internal/auth/api/auth.pb.go:121.3,121.12 1 0
kudago/internal/auth/api/auth.pb.go:123.2,123.24 1 0
kudago/internal/auth/api/auth.pb.go:127.51,129.2 1 0
kudago/internal/auth/api/auth.pb.go:131.45,132.14 1 0
kudago/internal/auth/api/auth.pb.go:132.14,134.3 1 0
kudago/internal/auth/api/auth.pb.go:135.2,135.11 1 0
kudago/internal/auth/api/auth.pb.go:138.45,139.14 1 0
kudago/internal/auth/api/auth.pb.go:139.14,141.3 1 0
kudago/internal/auth/api/auth.pb.go:142.2,142.11 1 0
kudago/internal/auth/api/auth.pb.go:153.39,158.2 4 0
kudago/internal/auth/api/auth.pb.go:160.47,162.2 1 0
kudago/internal/auth/api/auth.pb.go:164.45,164.46 0 0
kudago/internal/auth/api/auth.pb.go:166.67,168.14 2 0
kudago/internal/auth/api/auth.pb.go:168.14,170.34 2 0
kudago/internal/auth/api/auth.pb.go:170.34,172.4 1 0
kudago/internal/auth/api/auth.pb.go:173.3,173.12 1 0
kudago/internal/auth/api/auth.pb.go:175.2,175.24 1 0
kudago/internal/auth/api/auth.pb.go:179.58,181.2 1 0
kudago/internal/auth/api/auth.pb.go:183.50,184.14 1 0
kudago/internal/auth/api/auth.pb.go:184.14,186.3 1 0
kudago/internal/auth/api/auth.pb.go:187.2,187.11 1 0
kudago/internal/auth/api/auth.pb.go:198.34,203.2 4 0
kudago/internal/auth/api/auth.pb.go:205.42,207.2 1 0
kudago/internal/auth/api/auth.pb.go:209.40,209.41 0 0
kudago/internal/auth/api/auth.pb.go:211.62,213.14 2 0
kudago/internal/auth/api/auth.pb.go:213.14,215.34 2 0
kudago/internal/auth/api/auth.pb.go:215.34,217.4 1 0
kudago/internal/auth/api/auth.pb.go:218.3,218.12 1 0
kudago/internal/auth/api/auth.pb.go:220.2,220.24 1 0
kudago/internal/auth/api/auth.pb.go:224.53,226.2 1 0
kudago/internal/auth/api/auth.pb.go:228.40,229.14 1 0
kudago/internal/auth/api/auth.pb.go:229.14,231.3 1 0
kudago/internal/auth/api/auth.pb.go:232.2,232.10 1 0
kudago/internal/auth/api/auth.pb.go:246.24,251.2 4 0
kudago/internal/auth/api/auth.pb.go:253.32,255.2 1 0
kudago/internal/auth/api/auth.pb.go:257.30,257.31 0 0
kudago/internal/auth/api/auth.pb.go:259.52,261.14 2 0
kudago/internal/auth/api/auth.pb.go:261.14,263.34 2 0
kudago/internal/auth/api/auth.pb.go:263.34,265.4 1 0
kudago/internal/auth/api/auth.pb.go:266.3,266.12 1 0
kudago/internal/auth/api/auth.pb.go:268.2,268.24 1 0
kudago/internal/auth/api/auth.pb.go:272.43,274.2 1 0
kudago/internal/auth/api/auth.pb.go:276.30,277.14 1 0
kudago/internal/auth/api/auth.pb.go:277.14,279.3 1 0
kudago/internal/auth/api/auth.pb.go:280.2,280.10 1 0
kudago/internal/auth/api/auth.pb.go:283.37,284.14 1 0
kudago/internal/auth/api/auth.pb.go:284.14,286.3 1 0
kudago/internal/auth/api/auth.pb.go:287.2,287.11 1 0
kudago/internal/auth/api/auth.pb.go:290.34,291.14 1 0
kudago/internal/auth/api/auth.pb.go:291.14,293.3 1 0
kudago/internal/auth/api/auth.pb.go:294.2,294.11 1 0
kudago/internal/auth/api/auth.pb.go:297.38,298.14 1 0
kudago/internal/auth/api/auth.pb.go:298.14,300.3 1 0
kudago/internal/auth/api/auth.pb.go:301.2,301.11 1 0
kudago/internal/auth/api/auth.pb.go:312.33,317.2 4 0
kudago/internal/auth/api/auth.pb.go:319.41,321.2 1 0
kudago/internal/auth/api/auth.pb.go:323.39,323.40 0 0
kudago/internal/auth/api/auth.pb.go:325.61,327.14 2 0
kudago/internal/auth/api/auth.pb.go:327.14,329.34 2 0
kudago/internal/auth/api/auth.pb.go:329.34,331.4 1 0
kudago/internal/auth/api/auth.pb.go:332.3,332.12 1 0
kudago/internal/auth/api/auth.pb.go:334.2,334.24 1 0
kudago/internal/auth/api/auth.pb.go:338.52,340.2 1 0
kudago/internal/auth/api/auth.pb.go:342.43,343.14 1 0
kudago/internal/auth/api/auth.pb.go:343.14,345.3 1 0
kudago/internal/auth/api/auth.pb.go:346.2,346.11 1 0
kudago/internal/auth/api/auth.pb.go:355.25,360.2 4 0
kudago/internal/auth/api/auth.pb.go:362.33,364.2 1 0
kudago/internal/auth/api/auth.pb.go:366.31,366.32 0 0
kudago/internal/auth/api/auth.pb.go:368.53,370.14 2 0
kudago/internal/auth/api/auth.pb.go:370.14,372.34 2 0
kudago/internal/auth/api/auth.pb.go:372.34,374.4 1 0
kudago/internal/auth/api/auth.pb.go:375.3,375.12 1 0
kudago/internal/auth/api/auth.pb.go:377.2,377.24 1 0
kudago/internal/auth/api/auth.pb.go:381.44,383.2 1 0
kudago/internal/auth/api/auth.pb.go:393.40,398.2 4 0
kudago/internal/auth/api/auth.pb.go:400.48,402.2 1 0
kudago/internal/auth/api/auth.pb.go:404.46,404.47 0 0
kudago/internal/auth/api/auth.pb.go:406.68,408.14 2 0
kudago/internal/auth/api/auth.pb.go:408.14,410.34 2 0
kudago/internal/auth/api/auth.pb.go:410.34,412.4 1 0
kudago/internal/auth/api/auth.pb.go:413.3,413.12 1 0
kudago/internal/auth/api/auth.pb.go:415.2,415.24 1 0
kudago/internal/auth/api/auth.pb.go:419.59,421.2 1 0
kudago/internal/auth/api/auth.pb.go:423.46,424.14 1 0
kudago/internal/auth/api/auth.pb.go:424.14,426.3 1 0
kudago/internal/auth/api/auth.pb.go:427.2,427.10 1 0
kudago/internal/auth/api/auth.pb.go:440.27,445.2 4 0
kudago/internal/auth/api/auth.pb.go:447.35,449.2 1 0
kudago/internal/auth/api/auth.pb.go:451.33,451.34 0 0
kudago/internal/auth/api/auth.pb.go:453.55,455.14 2 0
kudago/internal/auth/api/auth.pb.go:455.14,457.34 2 0
kudago/internal/auth/api/auth.pb.go:457.34,459.4 1 0
kudago/internal/auth/api/auth.pb.go:460.3,460.12 1 0
kudago/internal/auth/api/auth.pb.go:462.2,462.24 1 0
kudago/internal/auth/api/auth.pb.go:466.46,468.2 1 0
kudago/internal/auth/api/auth.pb.go:470.37,471.14 1 0
kudago/internal/auth/api/auth.pb.go:471.14,473.3 1 0
kudago/internal/auth/api/auth.pb.go:474.2,474.10 1 0
kudago/internal/auth/api/auth.pb.go:477.37,478.14 1 0
kudago/internal/auth/api/auth.pb.go:478.14,480.3 1 0
kudago/internal/auth/api/auth.pb.go:481.2,481.11 1 0
kudago/internal/auth/api/auth.pb.go:484.39,485.14 1 0
kudago/internal/auth/api/auth.pb.go:485.14,487.3 1 0
kudago/internal/auth/api/auth.pb.go:488.2,488.11 1 0
kudago/internal/auth/api/auth.pb.go:499.40,504.2 4 0
kudago/internal/auth/api/auth.pb.go:506.48,508.2 1 0
kudago/internal/auth/api/auth.pb.go:510.46,510.47 0 0
kudago/internal/auth/api/auth.pb.go:512.68,514.14 2 0
kudago/internal/auth/api/auth.pb.go:514.14,516.34 2 0
kudago/internal/auth/api/auth.pb.go:516.34,518.4 1 0
kudago/internal/auth/api/auth.pb.go:519.3,519.12 1 0
kudago/internal/auth/api/auth.pb.go:521.2,521.24 1 0
kudago/internal/auth/api/auth.pb.go:525.59,527.2 1 0
kudago/internal/auth/api/auth.pb.go:529.50,530.14 1 0
kudago/internal/auth/api/auth.pb.go:530.14,532.3 1 0
kudago/internal/auth/api/auth.pb.go:533.2,533.11 1 0
kudago/internal/auth/api/auth.pb.go:610.43,611.40 1 0
kudago/internal/auth/api/auth.pb.go:611.40,613.3 1 0
kudago/internal/auth/api/auth.pb.go:614.2,614.36 1 0
kudago/internal/auth/api/auth.pb.go:652.13,652.39 1 0
kudago/internal/auth/api/auth.pb.go:653.29,654.28 1 0
kudago/internal/auth/api/auth.pb.go:654.28,656.3 1 0
kudago/internal/auth/api/auth.pb.go:657.2,674.31 6 0
kudago/internal/auth/api/auth_grpc.pb.go:48.74,50.2 1 0
kudago/internal/auth/api/auth_grpc.pb.go:52.120,56.16 4 0
kudago/internal/auth/api/auth_grpc.pb.go:56.16,58.3 1 0
kudago/internal/auth/api/auth_grpc.pb.go:59.2,59.17 1 0
kudago/internal/auth/api/auth_grpc.pb.go:62.114,66.16 4 0
kudago/internal/auth/api/auth_grpc.pb.go:66.16,68.3 1 0
kudago/internal/auth/api/auth_grpc.pb.go:69.2,69.17 1 0
kudago/internal/auth/api/auth_grpc.pb.go:72.131,76.16 4 0
kudago/internal/auth/api/auth_grpc.pb.go:76.16,78.3 1 0
kudago/internal/auth/api/auth_grpc.pb.go:79.2,79.17 1 0
kudago/internal/auth/api/auth_grpc.pb.go:82.118,86.16 4 0
kudago/internal/auth/api/auth_grpc.pb.go:86.16,88.3 1 0
kudago/internal/auth/api/auth_grpc.pb.go:89.2,89.17 1 0
kudago/internal/auth/api/auth_grpc.pb.go:92.117,96.16 4 0
kudago/internal/auth/api/auth_grpc.pb.go:96.16,98.3 1 0
kudago/internal/auth/api/auth_grpc.pb.go:99.2,99.17 1 0
kudago/internal/auth/api/auth_grpc.pb.go:102.133,106.16 4 0
kudago/internal/auth/api/auth_grpc.pb.go:106.16,108.3 1 0
kudago/internal/auth/api/auth_grpc.pb.go:109.2,109.17 1 0
kudago/internal/auth/api/auth_grpc.pb.go:112.131,116.16 4 0
kudago/internal/auth/api/auth_grpc.pb.go:116.16,118.3 1 0
kudago/internal/auth/api/auth_grpc.pb.go:119.2,119.17 1 0
kudago/internal/auth/api/auth_grpc.pb.go:143.98,145.2 1 0
kudago/internal/auth/api/auth_grpc.pb.go:146.92,148.2 1 0
kudago/internal/auth/api/auth_grpc.pb.go:149.109,151.2 1 0
kudago/internal/auth/api/auth_grpc.pb.go:152.96,154.2 1 0
kudago/internal/auth/api/auth_grpc.pb.go:155.95,157.2 1 0
kudago/internal/auth/api/auth_grpc.pb.go:158.111,160.2 1 0
kudago/internal/auth/api/auth_grpc.pb.go:161.109,163.2 1 0
kudago/internal/auth/api/auth_grpc.pb.go:164.82,164.83 0 0
kudago/internal/auth/api/auth_grpc.pb.go:165.82,165.83 0 0
kudago/internal/auth/api/auth_grpc.pb.go:174.80,179.59 1 0
kudago/internal/auth/api/auth_grpc.pb.go:179.59,181.3 1 0
kudago/internal/auth/api/auth_grpc.pb.go:182.2,182.50 1 0
kudago/internal/auth/api/auth_grpc.pb.go:185.165,187.32 2 0
kudago/internal/auth/api/auth_grpc.pb.go:187.32,189.3 1 0
kudago/internal/auth/api/auth_grpc.pb.go:190.2,190.24 1 0
kudago/internal/auth/api/auth_grpc.pb.go:190.24,192.3 1 0
kudago/internal/auth/api/auth_grpc.pb.go:193.2,197.77 2 0
kudago/internal/auth/api/auth_grpc.pb.go:197.77,199.3 1 0
kudago/internal/auth/api/auth_grpc.pb.go:200.2,200.44 1 0
kudago/internal/auth/api/auth_grpc.pb.go:203.162,205.32 2 0
kudago/internal/auth/api/auth_grpc.pb.go:205.32,207.3 1 0
kudago/internal/auth/api/auth_grpc.pb.go:208.2,208.24 1 0
kudago/internal/auth/api/auth_grpc.pb.go:208.24,210.3 1 0
kudago/internal/auth/api/auth_grpc.pb.go:211.2,215.77 2 0
kudago/internal/auth/api/auth_grpc.pb.go:215.77,217.3 1 0
kudago/internal/auth/api/auth_grpc.pb.go:218.2,218.44 1 0
kudago/internal/auth/api/auth_grpc.pb.go:221.169,223.32 2 0
kudago/internal/auth/api/auth_grpc.pb.go:223.32,225.3 1 0
kudago/internal/auth/api/auth_grpc.pb.go:226.2,226.24 1 0
kudago/internal/auth/api/auth_grpc.pb.go:226.24,228.3 1 0
kudago/internal/auth/api/auth_grpc.pb.go:229.2,233.77 2 0
kudago/internal/auth/api/auth_grpc.pb.go:233.77,235.3 1 0
kudago/internal/auth/api/auth_grpc.pb.go:236.2,236.44 1 0
kudago/internal/auth/api/auth_grpc.pb.go:239.164,241.32 2 0
kudago/internal/auth/api/auth_grpc.pb.go:241.32,243.3 1 0
kudago/internal/auth/api/auth_grpc.pb.go:244.2,244.24 1 0
kudago/internal/auth/api/auth_grpc.pb.go:244.24,246.3 1 0
kudago/internal/auth/api/auth_grpc.pb.go:247.2,251.77 2 0
kudago/internal/auth/api/auth_grpc.pb.go:251.77,253.3 1 0
kudago/internal/auth/api/auth_grpc.pb.go:254.2,254.44 1 0
kudago/internal/auth/api/auth_grpc.pb.go:257.163,259.32 2 0
kudago/internal/auth/api/auth_grpc.pb.go:259.32,261.3 1 0
kudago/internal/auth/api/auth_grpc.pb.go:262.2,262.24 1 0
kudago/internal/auth/api/auth_grpc.pb.go:262.24,264.3 1 0
kudago/internal/auth/api/auth_grpc.pb.go:265.2,269.77 2 0
kudago/internal/auth/api/auth_grpc.pb.go:269.77,271.3 1 0
kudago/internal/auth/api/auth_grpc.pb.go:272.2,272.44 1 0
kudago/internal/auth/api/auth_grpc.pb.go:275.170,277.32 2 0
kudago/internal/auth/api/auth_grpc.pb.go:277.32,279.3 1 0
kudago/internal/auth/api/auth_grpc.pb.go:280.2,280.24 1 0
kudago/internal/auth/api/auth_grpc.pb.go:280.24,282.3 1 0
kudago/internal/auth/api/auth_grpc.pb.go:283.2,287.77 2 0
kudago/internal/auth/api/auth_grpc.pb.go:287.77,289.3 1 0
kudago/internal/auth/api/auth_grpc.pb.go:290.2,290.44 1 0
kudago/internal/auth/api/auth_grpc.pb.go:293.170,295.32 2 0
kudago/internal/auth/api/auth_grpc.pb.go:295.32,297.3 1 0
kudago/internal/auth/api/auth_grpc.pb.go:298.2,298.24 1 0
kudago/internal/auth/api/auth_grpc.pb.go:298.24,300.3 1 0
kudago/internal/auth/api/auth_grpc.pb.go:301.2,305.77 2 0
kudago/internal/auth/api/auth_grpc.pb.go:305.77,307.3 1 0
kudago/internal/auth/api/auth_grpc.pb.go:308.2,308.44 1 0
kudago/internal/auth/service/mocks/auth.go:27.57,31.2 3 0
kudago/internal/auth/service/mocks/auth.go:34.55,36.2 1 0
kudago/internal/auth/service/mocks/auth.go:39.108,45.2 5 0
kudago/internal/auth/service/mocks/auth.go:48.102,51.2 2 0
kudago/internal/auth/service/mocks/auth.go:54.93,60.2 5 0
kudago/internal/auth/service/mocks/auth.go:63.82,66.2 2 0
kudago/internal/auth/service/mocks/auth.go:69.84,75.2 5 0
kudago/internal/auth/service/mocks/auth.go:78.81,81.2 2 0
kudago/internal/auth/service/mocks/auth.go:84.86,90.2 5 0
kudago/internal/auth/service/mocks/auth.go:93.82,96.2 2 0
kudago/internal/auth/grpc/tests/mocks/auth.go:27.67,31.2 3 0
kudago/internal/auth/grpc/tests/mocks/auth.go:34.65,36.2 1 0
kudago/internal/auth/grpc/tests/mocks/auth.go:39.112,45.2 5 0
kudago/internal/auth/grpc/tests/mocks/auth.go:48.94,51.2 2 0
kudago/internal/auth/grpc/tests/mocks/auth.go:54.89,60.2 5 0
kudago/internal/auth/grpc/tests/mocks/auth.go:63.86,66.2 2 0
kudago/internal/auth/grpc/tests/mocks/auth.go:69.96,75.2 5 0
kudago/internal/auth/grpc/tests/mocks/auth.go:78.85,81.2 2 0
kudago/internal/auth/grpc/tests/mocks/auth.go:95.73,99.2 3 0
kudago/internal/auth/grpc/tests/mocks/auth.go:102.71,104.2 1 0
kudago/internal/auth/grpc/tests/mocks/auth.go:107.103,113.2 5 0
kudago/internal/auth/grpc/tests/mocks/auth.go:116.94,119.2 2 0
kudago/internal/auth/grpc/tests/mocks/auth.go:122.97,128.2 5 0
kudago/internal/auth/grpc/tests/mocks/auth.go:131.91,134.2 2 0
kudago/internal/auth/grpc/tests/mocks/auth.go:137.85,142.2 4 0
kudago/internal/auth/grpc/tests/mocks/auth.go:145.94,148.2 2 0
kudago/internal/auth/repository/session/session.go:25.52,36.2 2 0
kudago/internal/auth/repository/session/session.go:38.89,48.16 5 0
kudago/internal/auth/repository/session/session.go:48.16,50.3 1 0
kudago/internal/auth/repository/session/session.go:51.2,51.21 1 0
kudago/internal/auth/repository/session/session.go:54.95,56.22 2 1
kudago/internal/auth/repository/session/session.go:56.22,58.3 1 1
kudago/internal/auth/repository/session/session.go:60.2,60.16 1 1
kudago/internal/auth/repository/session/session.go:60.16,62.3 1 1
kudago/internal/auth/repository/session/session.go:64.2,65.16 2 1
kudago/internal/auth/repository/session/session.go:65.16,67.3 1 0
kudago/internal/auth/repository/session/session.go:69.2,75.21 2 1
kudago/internal/auth/repository/session/session.go:78.77,80.16 2 1
kudago/internal/auth/repository/session/session.go:80.16,82.3 1 1
kudago/internal/auth/repository/session/session.go:83.2,83.12 1 1
kudago/internal/auth/repository/session/session.go:86.36,90.2 3 0
kudago/internal/models/errors.go:42.35,44.2 1 0
kudago/internal/models/notification_easyjson.go:20.84,22.17 2 0
kudago/internal/models/notification_easyjson.go:22.17,23.17 1 0
kudago/internal/models/notification_easyjson.go:23.17,25.4 1 0
kudago/internal/models/notification_easyjson.go:26.3,27.9 2 0
kudago/internal/models/notification_easyjson.go:29.2,30.23 2 0
kudago/internal/models/notification_easyjson.go:30.23,33.18 3 0
kudago/internal/models/notification_easyjson.go:33.18,36.12 3 0
kudago/internal/models/notification_easyjson.go:38.3,38.14 1 0
kudago/internal/models/notification_easyjson.go:39.13,40.26 1 0
kudago/internal/models/notification_easyjson.go:41.18,42.30 1 0
kudago/internal/models/notification_easyjson.go:43.19,44.31 1 0
kudago/internal/models/notification_easyjson.go:45.20,46.33 1 0
kudago/internal/models/notification_easyjson.go:46.33,48.5 1 0
kudago/internal/models/notification_easyjson.go:49.18,50.37 1 0
kudago/internal/models/notification_easyjson.go:51.11,52.22 1 0
kudago/internal/models/notification_easyjson.go:54.3,54.17 1 0
kudago/internal/models/notification_easyjson.go:56.2,57.16 2 0
kudago/internal/models/notification_easyjson.go:57.16,59.3 1 0
kudago/internal/models/notification_easyjson.go:61.85,65.2 4 0
kudago/internal/models/notification_easyjson.go:65.2,69.3 3 0
kudago/internal/models/notification_easyjson.go:70.2,74.3 3 0
kudago/internal/models/notification_easyjson.go:75.2,79.3 3 0
kudago/internal/models/notification_easyjson.go:80.2,84.3 3 0
kudago/internal/models/notification_easyjson.go:85.2,89.3 3 0
kudago/internal/models/notification_easyjson.go:90.2,90.18 1 0
kudago/internal/models/notification_easyjson.go:94.53,98.2 3 0
kudago/internal/models/notification_easyjson.go:101.58,103.2 1 0
kudago/internal/models/notification_easyjson.go:106.57,110.2 3 0
kudago/internal/models/notification_easyjson.go:113.59,115.2 1 0
kudago/internal/models/user_easyjson.go:20.78,22.17 2 0
kudago/internal/models/user_easyjson.go:22.17,23.17 1 0
kudago/internal/models/user_easyjson.go:23.17,25.4 1 0
kudago/internal/models/user_easyjson.go:26.3,27.9 2 0
kudago/internal/models/user_easyjson.go:29.2,30.23 2 0
kudago/internal/models/user_easyjson.go:30.23,33.18 3 0
kudago/internal/models/user_easyjson.go:33.18,36.12 3 0
kudago/internal/models/user_easyjson.go:38.3,38.14 1 0
kudago/internal/models/user_easyjson.go:39.13,40.26 1 0
kudago/internal/models/user_easyjson.go:41.19,42.38 1 0
kudago/internal/models/user_easyjson.go:43.16,44.35 1 0
kudago/internal/models/user_easyjson.go:45.19,46.38 1 0
kudago/internal/models/user_easyjson.go:47.16,48.38 1 0
kudago/internal/models/user_easyjson.go:49.11,50.22 1 0
kudago/internal/models/user_easyjson.go:52.3,52.17 1 0
kudago/internal/models/user_easyjson.go:54.2,55.16 2 0
kudago/internal/models/user_easyjson.go:55.16,57.3 1 0
kudago/internal/models/user_easyjson.go:59.79,63.2 4 0
kudago/internal/models/user_easyjson.go:63.2,67.3 3 0
kudago/internal/models/user_easyjson.go:68.2,72.3 3 0
kudago/internal/models/user_easyjson.go:73.2,77.3 3 0
kudago/internal/models/user_easyjson.go:78.2,82.3 3 0
kudago/internal/models/user_easyjson.go:83.2,87.3 3 0
kudago/internal/models/user_easyjson.go:88.2,88.18 1 0
kudago/internal/models/user_easyjson.go:92.45,96.2 3 0
kudago/internal/models/user_easyjson.go:99.50,101.2 1 0
kudago/internal/models/user_easyjson.go:104.49,108.2 3 0
kudago/internal/models/user_easyjson.go:111.51,113.2 1 0
kudago/internal/repository/redis/init.go:19.45,21.16 2 0
kudago/internal/repository/redis/init.go:21.16,23.3 1 0
kudago/internal/repository/redis/init.go:25.2,31.21 6 0
kudago/internal/auth/service/auth.go:22.41,24.2 1 1
kudago/internal/auth/service/auth.go:26.81,28.2 1 0
kudago/internal/auth/service/auth.go:30.104,32.2 1 0
kudago/internal/auth/service/auth.go:34.88,36.16 2 1
kudago/internal/auth/service/auth.go:36.16,38.3 1 1
kudago/internal/auth/service/auth.go:40.2,40.16 1 1
kudago/internal/auth/service/auth.go:40.16,42.3 1 1
kudago/internal/auth/service/auth.go:44.2,45.16 2 1
kudago/internal/auth/service/auth.go:45.16,47.3 1 0
kudago/internal/auth/service/auth.go:48.2,48.18 1 1
kudago/internal/auth/service/mocks/auth.go:27.57,31.2 3 1
kudago/internal/auth/service/mocks/auth.go:34.55,36.2 1 1
kudago/internal/auth/service/mocks/auth.go:39.108,45.2 5 0
kudago/internal/auth/service/mocks/auth.go:48.102,51.2 2 0
kudago/internal/auth/service/mocks/auth.go:54.93,60.2 5 1
kudago/internal/auth/service/mocks/auth.go:63.82,66.2 2 1
kudago/internal/auth/service/mocks/auth.go:69.84,75.2 5 0
kudago/internal/auth/service/mocks/auth.go:78.81,81.2 2 0
kudago/internal/auth/service/mocks/auth.go:84.86,90.2 5 1
kudago/internal/auth/service/mocks/auth.go:93.82,96.2 2 1
kudago/internal/models/errors.go:42.35,44.2 1 0
kudago/internal/models/notification_easyjson.go:20.84,22.17 2 0
kudago/internal/models/notification_easyjson.go:22.17,23.17 1 0
kudago/internal/models/notification_easyjson.go:23.17,25.4 1 0
kudago/internal/models/notification_easyjson.go:26.3,27.9 2 0
kudago/internal/models/notification_easyjson.go:29.2,30.23 2 0
kudago/internal/models/notification_easyjson.go:30.23,33.18 3 0
kudago/internal/models/notification_easyjson.go:33.18,36.12 3 0
kudago/internal/models/notification_easyjson.go:38.3,38.14 1 0
kudago/internal/models/notification_easyjson.go:39.13,40.26 1 0
kudago/internal/models/notification_easyjson.go:41.18,42.30 1 0
kudago/internal/models/notification_easyjson.go:43.19,44.31 1 0
kudago/internal/models/notification_easyjson.go:45.20,46.33 1 0
kudago/internal/models/notification_easyjson.go:46.33,48.5 1 0
kudago/internal/models/notification_easyjson.go:49.18,50.37 1 0
kudago/internal/models/notification_easyjson.go:51.11,52.22 1 0
kudago/internal/models/notification_easyjson.go:54.3,54.17 1 0
kudago/internal/models/notification_easyjson.go:56.2,57.16 2 0
kudago/internal/models/notification_easyjson.go:57.16,59.3 1 0
kudago/internal/models/notification_easyjson.go:61.85,65.2 4 0
kudago/internal/models/notification_easyjson.go:65.2,69.3 3 0
kudago/internal/models/notification_easyjson.go:70.2,74.3 3 0
kudago/internal/models/notification_easyjson.go:75.2,79.3 3 0
kudago/internal/models/notification_easyjson.go:80.2,84.3 3 0
kudago/internal/models/notification_easyjson.go:85.2,89.3 3 0
kudago/internal/models/notification_easyjson.go:90.2,90.18 1 0
kudago/internal/models/notification_easyjson.go:94.53,98.2 3 0
kudago/internal/models/notification_easyjson.go:101.58,103.2 1 0
kudago/internal/models/notification_easyjson.go:106.57,110.2 3 0
kudago/internal/models/notification_easyjson.go:113.59,115.2 1 0
kudago/internal/models/user_easyjson.go:20.78,22.17 2 0
kudago/internal/models/user_easyjson.go:22.17,23.17 1 0
kudago/internal/models/user_easyjson.go:23.17,25.4 1 0
kudago/internal/models/user_easyjson.go:26.3,27.9 2 0
kudago/internal/models/user_easyjson.go:29.2,30.23 2 0
kudago/internal/models/user_easyjson.go:30.23,33.18 3 0
kudago/internal/models/user_easyjson.go:33.18,36.12 3 0
kudago/internal/models/user_easyjson.go:38.3,38.14 1 0
kudago/internal/models/user_easyjson.go:39.13,40.26 1 0
kudago/internal/models/user_easyjson.go:41.19,42.38 1 0
kudago/internal/models/user_easyjson.go:43.16,44.35 1 0
kudago/internal/models/user_easyjson.go:45.19,46.38 1 0
kudago/internal/models/user_easyjson.go:47.16,48.38 1 0
kudago/internal/models/user_easyjson.go:49.11,50.22 1 0
kudago/internal/models/user_easyjson.go:52.3,52.17 1 0
kudago/internal/models/user_easyjson.go:54.2,55.16 2 0
kudago/internal/models/user_easyjson.go:55.16,57.3 1 0
kudago/internal/models/user_easyjson.go:59.79,63.2 4 0
kudago/internal/models/user_easyjson.go:63.2,67.3 3 0
kudago/internal/models/user_easyjson.go:68.2,72.3 3 0
kudago/internal/models/user_easyjson.go:73.2,77.3 3 0
kudago/internal/models/user_easyjson.go:78.2,82.3 3 0
kudago/internal/models/user_easyjson.go:83.2,87.3 3 0
kudago/internal/models/user_easyjson.go:88.2,88.18 1 0
kudago/internal/models/user_easyjson.go:92.45,96.2 3 0
kudago/internal/models/user_easyjson.go:99.50,101.2 1 0
kudago/internal/models/user_easyjson.go:104.49,108.2 3 0
kudago/internal/models/user_easyjson.go:111.51,113.2 1 0
kudago/internal/event/grpc/add_event.go:13.85,17.16 3 0
kudago/internal/event/grpc/add_event.go:17.16,18.14 1 0
kudago/internal/event/grpc/add_event.go:19.34,20.63 1 0
kudago/internal/event/grpc/add_event.go:22.3,23.56 2 0
kudago/internal/event/grpc/add_event.go:26.2,28.19 2 0
kudago/internal/event/grpc/add_event_to_favorites.go:13.104,17.16 3 0
kudago/internal/event/grpc/add_event_to_favorites.go:17.16,18.17 1 0
kudago/internal/event/grpc/add_event_to_favorites.go:18.17,20.15 2 0
kudago/internal/event/grpc/add_event_to_favorites.go:21.39,22.63 1 0
kudago/internal/event/grpc/add_event_to_favorites.go:23.35,24.73 1 0
kudago/internal/event/grpc/add_event_to_favorites.go:25.12,26.58 1 0
kudago/internal/event/grpc/add_event_to_favorites.go:31.2,31.17 1 0
kudago/internal/event/grpc/delete_event.go:14.101,16.16 2 0
kudago/internal/event/grpc/delete_event.go:16.16,17.41 1 0
kudago/internal/event/grpc/delete_event.go:17.41,19.4 1 0
kudago/internal/event/grpc/delete_event.go:20.3,20.45 1 0
kudago/internal/event/grpc/delete_event.go:20.45,22.4 1 0
kudago/internal/event/grpc/delete_event.go:23.3,24.56 2 0
kudago/internal/event/grpc/delete_event.go:26.2,26.17 1 0
kudago/internal/event/grpc/delete_event_from_favorites.go:14.109,18.16 3 0
kudago/internal/event/grpc/delete_event_from_favorites.go:18.16,19.41 1 0
kudago/internal/event/grpc/delete_event_from_favorites.go:19.41,21.4 1 0
kudago/internal/event/grpc/delete_event_from_favorites.go:22.3,23.56 2 0
kudago/internal/event/grpc/delete_event_from_favorites.go:26.2,26.17 1 0
kudago/internal/event/grpc/event.go:51.96,57.2 1 0
kudago/internal/event/grpc/event.go:59.51,75.2 1 0
kudago/internal/event/grpc/event.go:77.51,93.2 1 0
kudago/internal/event/grpc/event.go:95.76,100.2 1 0
kudago/internal/event/grpc/event.go:102.71,104.31 2 0
kudago/internal/event/grpc/event.go:104.31,106.3 1 0
kudago/internal/event/grpc/event.go:108.2,110.3 1 0
kudago/internal/event/grpc/event.go:113.79,118.2 1 0
kudago/internal/event/grpc/get_categories.go:13.106,15.16 2 0
kudago/internal/event/grpc/get_categories.go:15.16,18.3 2 0
kudago/internal/event/grpc/get_categories.go:19.2,20.18 2 0
kudago/internal/event/grpc/get_categories.go:23.86,25.38 2 0
kudago/internal/event/grpc/get_categories.go:25.38,30.3 1 0
kudago/internal/event/grpc/get_categories.go:32.2,34.3 1 0
kudago/internal/event/grpc/get_event_by_id.go:14.103,16.16 2 0
kudago/internal/event/grpc/get_event_by_id.go:16.16,17.46 1 0
kudago/internal/event/grpc/get_event_by_id.go:17.46,19.4 1 0
kudago/internal/event/grpc/get_event_by_id.go:20.3,21.56 2 0
kudago/internal/event/grpc/get_event_by_id.go:24.2,26.19 2 0
kudago/internal/event/grpc/get_events_by_category.go:12.118,15.16 3 0
kudago/internal/event/grpc/get_events_by_category.go:15.16,18.3 2 0
kudago/internal/event/grpc/get_events_by_category.go:20.2,22.19 2 0
kudago/internal/event/grpc/get_events_by_ids.go:14.108,16.29 2 0
kudago/internal/event/grpc/get_events_by_ids.go:16.29,18.3 1 0
kudago/internal/event/grpc/get_events_by_ids.go:20.2,21.16 2 0
kudago/internal/event/grpc/get_events_by_ids.go:21.16,22.46 1 0
kudago/internal/event/grpc/get_events_by_ids.go:22.46,24.4 1 0
kudago/internal/event/grpc/get_events_by_ids.go:25.3,26.56 2 0
kudago/internal/event/grpc/get_events_by_ids.go:29.2,31.18 2 0
kudago/internal/event/grpc/get_events_by_user.go:12.110,15.16 3 0
kudago/internal/event/grpc/get_events_by_user.go:15.16,18.3 2 0
kudago/internal/event/grpc/get_events_by_user.go:20.2,22.18 2 0
kudago/internal/event/grpc/get_favorites.go:12.104,15.16 3 0
kudago/internal/event/grpc/get_favorites.go:15.16,18.3 2 0
kudago/internal/event/grpc/get_favorites.go:20.2,22.19 2 0
kudago/internal/event/grpc/get_past_events.go:12.102,15.16 3 0
kudago/internal/event/grpc/get_past_events.go:15.16,18.3 2 0
kudago/internal/event/grpc/get_past_events.go:20.2,22.19 2 0
kudago/internal/event/grpc/get_subscribers_ids.go:12.126,14.16 2 0
kudago/internal/event/grpc/get_subscribers_ids.go:14.16,17.3 2 0
kudago/internal/event/grpc/get_subscribers_ids.go:19.2,23.25 2 0
kudago/internal/event/grpc/get_subscribers_ids.go:23.25,25.3 1 0
kudago/internal/event/grpc/get_subscribers_ids.go:27.2,27.18 1 0
kudago/internal/event/grpc/get_subscription_events.go:12.118,15.16 3 0
kudago/internal/event/grpc/get_subscription_events.go:15.16,18.3 2 0
kudago/internal/event/grpc/get_subscription_events.go:20.2,22.19 2 0
kudago/internal/event/grpc/get_upcoming_events.go:12.106,15.16 3 0
kudago/internal/event/grpc/get_upcoming_events.go:15.16,18.3 2 0
kudago/internal/event/grpc/get_upcoming_events.go:20.2,22.19 2 0
kudago/internal/event/grpc/get_user_ids_by_favorite.go:12.142,14.16 2 0
kudago/internal/event/grpc/get_user_ids_by_favorite.go:14.16,17.3 2 0
kudago/internal/event/grpc/get_user_ids_by_favorite.go:19.2,23.25 2 0
kudago/internal/event/grpc/get_user_ids_by_favorite.go:23.25,25.3 1 0
kudago/internal/event/grpc/get_user_ids_by_favorite.go:27.2,27.18 1 0
kudago/internal/event/grpc/search_events.go:13.97,29.16 4 0
kudago/internal/event/grpc/search_events.go:29.16,32.3 2 0
kudago/internal/event/grpc/search_events.go:34.2,36.19 2 0
kudago/internal/event/grpc/update_event.go:14.88,18.16 3 0
kudago/internal/event/grpc/update_event.go:18.16,20.10 2 0
kudago/internal/event/grpc/update_event.go:21.48,22.62 1 0
kudago/internal/event/grpc/update_event.go:23.47,24.73 1 0
kudago/internal/event/grpc/update_event.go:25.11,26.57 1 0
kudago/internal/event/grpc/update_event.go:30.2,32.19 2 0
kudago/internal/auth/repository/auth/check_credentials.go:18.103,27.16 3 0
kudago/internal/auth/repository/auth/check_credentials.go:27.16,28.36 1 0
kudago/internal/auth/repository/auth/check_credentials.go:28.36,30.4 1 0
kudago/internal/auth/repository/auth/check_credentials.go:31.3,31.66 1 0
kudago/internal/auth/repository/auth/check_credentials.go:33.2,34.18 2 0
kudago/internal/auth/repository/auth/create_user.go:15.89,26.16 3 0
kudago/internal/auth/repository/auth/create_user.go:26.16,28.3 1 0
kudago/internal/auth/repository/auth/create_user.go:30.2,35.21 5 0
kudago/internal/auth/repository/auth/get_user_by_email_or_username.go:18.82,23.17 4 0
kudago/internal/auth/repository/auth/get_user_by_email_or_username.go:23.17,26.3 2 0
kudago/internal/auth/repository/auth/get_user_by_email_or_username.go:28.2,29.16 2 0
kudago/internal/auth/repository/auth/get_user_by_email_or_username.go:29.16,30.36 1 0
kudago/internal/auth/repository/auth/get_user_by_email_or_username.go:30.36,32.4 1 0
kudago/internal/auth/repository/auth/get_user_by_email_or_username.go:33.3,33.58 1 0
kudago/internal/auth/repository/auth/get_user_by_email_or_username.go:36.2,36.18 1 0
kudago/internal/auth/repository/auth/get_user_by_id.go:14.79,24.26 3 0
kudago/internal/auth/repository/auth/get_user_by_id.go:24.26,26.3 1 0
kudago/internal/auth/repository/auth/get_user_by_id.go:28.2,29.18 2 0
kudago/internal/auth/repository/auth/users.go:24.40,28.2 1 0
kudago/internal/auth/repository/auth/users.go:30.39,31.17 1 0
kudago/internal/auth/repository/auth/users.go:31.17,33.3 1 0
kudago/internal/auth/repository/auth/users.go:34.2,34.15 1 0
kudago/internal/auth/repository/auth/users.go:37.46,39.26 2 0
kudago/internal/auth/repository/auth/users.go:39.26,41.3 1 0
kudago/internal/auth/repository/auth/users.go:41.8,43.3 1 0
kudago/internal/auth/repository/auth/users.go:45.2,50.3 1 0
kudago/internal/event/api/event.pb.go:31.39,36.2 4 0
kudago/internal/event/api/event.pb.go:38.47,40.2 1 0
kudago/internal/event/api/event.pb.go:42.45,42.46 0 0
kudago/internal/event/api/event.pb.go:44.67,46.14 2 0
kudago/internal/event/api/event.pb.go:46.14,48.34 2 0
kudago/internal/event/api/event.pb.go:48.34,50.4 1 0
kudago/internal/event/api/event.pb.go:51.3,51.12 1 0
kudago/internal/event/api/event.pb.go:53.2,53.24 1 0
kudago/internal/event/api/event.pb.go:57.58,59.2 1 0
kudago/internal/event/api/event.pb.go:61.45,62.14 1 0
kudago/internal/event/api/event.pb.go:62.14,64.3 1 0
kudago/internal/event/api/event.pb.go:65.2,65.10 1 0
kudago/internal/event/api/event.pb.go:76.44,81.2 4 0
kudago/internal/event/api/event.pb.go:83.52,85.2 1 0
kudago/internal/event/api/event.pb.go:87.50,87.51 0 0
kudago/internal/event/api/event.pb.go:89.72,91.14 2 0
kudago/internal/event/api/event.pb.go:91.14,93.34 2 0
kudago/internal/event/api/event.pb.go:93.34,95.4 1 0
kudago/internal/event/api/event.pb.go:96.3,96.12 1 0
kudago/internal/event/api/event.pb.go:98.2,98.24 1 0
kudago/internal/event/api/event.pb.go:102.63,104.2 1 0
kudago/internal/event/api/event.pb.go:106.54,107.14 1 0
kudago/internal/event/api/event.pb.go:107.14,109.3 1 0
kudago/internal/event/api/event.pb.go:110.2,110.10 1 0
kudago/internal/event/api/event.pb.go:121.41,126.2 4 0
kudago/internal/event/api/event.pb.go:128.49,130.2 1 0
kudago/internal/event/api/event.pb.go:132.47,132.48 0 0
kudago/internal/event/api/event.pb.go:134.69,136.14 2 0
kudago/internal/event/api/event.pb.go:136.14,138.34 2 0
kudago/internal/event/api/event.pb.go:138.34,140.4 1 0
kudago/internal/event/api/event.pb.go:141.3,141.12 1 0
kudago/internal/event/api/event.pb.go:143.2,143.24 1 0
kudago/internal/event/api/event.pb.go:147.60,149.2 1 0
kudago/internal/event/api/event.pb.go:151.50,152.14 1 0
kudago/internal/event/api/event.pb.go:152.14,154.3 1 0
kudago/internal/event/api/event.pb.go:155.2,155.12 1 0
kudago/internal/event/api/event.pb.go:166.52,171.2 4 0
kudago/internal/event/api/event.pb.go:173.60,175.2 1 0
kudago/internal/event/api/event.pb.go:177.58,177.59 0 0
kudago/internal/event/api/event.pb.go:179.80,181.14 2 0
kudago/internal/event/api/event.pb.go:181.14,183.34 2 0
kudago/internal/event/api/event.pb.go:183.34,185.4 1 0
kudago/internal/event/api/event.pb.go:186.3,186.12 1 0
kudago/internal/event/api/event.pb.go:188.2,188.24 1 0
kudago/internal/event/api/event.pb.go:192.71,194.2 1 0
kudago/internal/event/api/event.pb.go:196.58,197.14 1 0
kudago/internal/event/api/event.pb.go:197.14,199.3 1 0
kudago/internal/event/api/event.pb.go:200.2,200.10 1 0
kudago/internal/event/api/event.pb.go:211.38,216.2 4 0
kudago/internal/event/api/event.pb.go:218.46,220.2 1 0
kudago/internal/event/api/event.pb.go:222.44,222.45 0 0
kudago/internal/event/api/event.pb.go:224.66,226.14 2 0
kudago/internal/event/api/event.pb.go:226.14,228.34 2 0
kudago/internal/event/api/event.pb.go:228.34,230.4 1 0
kudago/internal/event/api/event.pb.go:231.3,231.12 1 0
kudago/internal/event/api/event.pb.go:233.2,233.24 1 0
kudago/internal/event/api/event.pb.go:237.57,239.2 1 0
kudago/internal/event/api/event.pb.go:241.47,242.14 1 0
kudago/internal/event/api/event.pb.go:242.14,244.3 1 0
kudago/internal/event/api/event.pb.go:245.2,245.12 1 0
kudago/internal/event/api/event.pb.go:257.43,262.2 4 0
kudago/internal/event/api/event.pb.go:264.51,266.2 1 0
kudago/internal/event/api/event.pb.go:268.49,268.50 0 0
kudago/internal/event/api/event.pb.go:270.71,272.14 2 0
kudago/internal/event/api/event.pb.go:272.14,274.34 2 0
kudago/internal/event/api/event.pb.go:274.34,276.4 1 0
kudago/internal/event/api/event.pb.go:277.3,277.12 1 0
kudago/internal/event/api/event.pb.go:279.2,279.24 1 0
kudago/internal/event/api/event.pb.go:283.62,285.2 1 0
kudago/internal/event/api/event.pb.go:287.49,288.14 1 0
kudago/internal/event/api/event.pb.go:288.14,290.3 1 0
kudago/internal/event/api/event.pb.go:291.2,291.10 1 0
kudago/internal/event/api/event.pb.go:294.65,295.14 1 0
kudago/internal/event/api/event.pb.go:295.14,297.3 1 0
kudago/internal/event/api/event.pb.go:298.2,298.12 1 0
kudago/internal/event/api/event.pb.go:310.46,315.2 4 0
kudago/internal/event/api/event.pb.go:317.54,319.2 1 0
kudago/internal/event/api/event.pb.go:321.52,321.53 0 0
kudago/internal/event/api/event.pb.go:323.74,325.14 2 0
kudago/internal/event/api/event.pb.go:325.14,327.34 2 0
kudago/internal/event/api/event.pb.go:327.34,329.4 1 0
kudago/internal/event/api/event.pb.go:330.3,330.12 1 0
kudago/internal/event/api/event.pb.go:332.2,332.24 1 0
kudago/internal/event/api/event.pb.go:336.65,338.2 1 0
kudago/internal/event/api/event.pb.go:340.60,341.14 1 0
kudago/internal/event/api/event.pb.go:341.14,343.3 1 0
kudago/internal/event/api/event.pb.go:344.2,344.10 1 0
kudago/internal/event/api/event.pb.go:347.68,348.14 1 0
kudago/internal/event/api/event.pb.go:348.14,350.3 1 0
kudago/internal/event/api/event.pb.go:351.2,351.12 1 0
kudago/internal/event/api/event.pb.go:363.42,368.2 4 0
kudago/internal/event/api/event.pb.go:370.50,372.2 1 0
kudago/internal/event/api/event.pb.go:374.48,374.49 0 0
kudago/internal/event/api/event.pb.go:376.70,378.14 2 0
kudago/internal/event/api/event.pb.go:378.14,380.34 2 0
kudago/internal/event/api/event.pb.go:380.34,382.4 1 0
kudago/internal/event/api/event.pb.go:383.3,383.12 1 0
kudago/internal/event/api/event.pb.go:385.2,385.24 1 0
kudago/internal/event/api/event.pb.go:389.61,391.2 1 0
kudago/internal/event/api/event.pb.go:393.52,394.14 1 0
kudago/internal/event/api/event.pb.go:394.14,396.3 1 0
kudago/internal/event/api/event.pb.go:397.2,397.10 1 0
kudago/internal/event/api/event.pb.go:400.64,401.14 1 0
kudago/internal/event/api/event.pb.go:401.14,403.3 1 0
kudago/internal/event/api/event.pb.go:404.2,404.12 1 0
kudago/internal/event/api/event.pb.go:416.39,421.2 4 0
kudago/internal/event/api/event.pb.go:423.47,425.2 1 0
kudago/internal/event/api/event.pb.go:427.45,427.46 0 0
kudago/internal/event/api/event.pb.go:429.67,431.14 2 0
kudago/internal/event/api/event.pb.go:431.14,433.34 2 0
kudago/internal/event/api/event.pb.go:433.34,435.4 1 0
kudago/internal/event/api/event.pb.go:436.3,436.12 1 0
kudago/internal/event/api/event.pb.go:438.2,438.24 1 0
kudago/internal/event/api/event.pb.go:442.58,444.2 1 0
kudago/internal/event/api/event.pb.go:446.49,447.14 1 0
kudago/internal/event/api/event.pb.go:447.14,449.3 1 0
kudago/internal/event/api/event.pb.go:450.2,450.10 1 0
kudago/internal/event/api/event.pb.go:453.61,454.14 1 0
kudago/internal/event/api/event.pb.go:454.14,456.3 1 0
kudago/internal/event/api/event.pb.go:457.2,457.12 1 0
kudago/internal/event/api/event.pb.go:469.38,474.2 4 0
kudago/internal/event/api/event.pb.go:476.46,478.2 1 0
kudago/internal/event/api/event.pb.go:480.44,480.45 0 0
kudago/internal/event/api/event.pb.go:482.66,484.14 2 0
kudago/internal/event/api/event.pb.go:484.14,486.34 2 0
kudago/internal/event/api/event.pb.go:486.34,488.4 1 0
kudago/internal/event/api/event.pb.go:489.3,489.12 1 0
kudago/internal/event/api/event.pb.go:491.2,491.24 1 0
kudago/internal/event/api/event.pb.go:495.57,497.2 1 0
kudago/internal/event/api/event.pb.go:499.49,500.14 1 0
kudago/internal/event/api/event.pb.go:500.14,502.3 1 0
kudago/internal/event/api/event.pb.go:503.2,503.10 1 0
kudago/internal/event/api/event.pb.go:506.50,507.14 1 0
kudago/internal/event/api/event.pb.go:507.14,509.3 1 0
kudago/internal/event/api/event.pb.go:510.2,510.10 1 0
kudago/internal/event/api/event.pb.go:522.36,527.2 4 0
kudago/internal/event/api/event.pb.go:529.44,531.2 1 0
kudago/internal/event/api/event.pb.go:533.42,533.43 0 0
kudago/internal/event/api/event.pb.go:535.64,537.14 2 0
kudago/internal/event/api/event.pb.go:537.14,539.34 2 0
kudago/internal/event/api/event.pb.go:539.34,541.4 1 0
kudago/internal/event/api/event.pb.go:542.3,542.12 1 0
kudago/internal/event/api/event.pb.go:544.2,544.24 1 0
kudago/internal/event/api/event.pb.go:548.55,550.2 1 0
kudago/internal/event/api/event.pb.go:552.45,553.14 1 0
kudago/internal/event/api/event.pb.go:553.14,555.3 1 0
kudago/internal/event/api/event.pb.go:556.2,556.10 1 0
kudago/internal/event/api/event.pb.go:559.46,560.14 1 0
kudago/internal/event/api/event.pb.go:560.14,562.3 1 0
kudago/internal/event/api/event.pb.go:563.2,563.10 1 0
kudago/internal/event/api/event.pb.go:574.26,579.2 4 0
kudago/internal/event/api/event.pb.go:581.34,583.2 1 0
kudago/internal/event/api/event.pb.go:585.32,585.33 0 0
kudago/internal/event/api/event.pb.go:587.54,589.14 2 0
kudago/internal/event/api/event.pb.go:589.14,591.34 2 0
kudago/internal/event/api/event.pb.go:591.34,593.4 1 0
kudago/internal/event/api/event.pb.go:594.3,594.12 1 0
kudago/internal/event/api/event.pb.go:596.2,596.24 1 0
kudago/internal/event/api/event.pb.go:600.45,602.2 1 0
kudago/internal/event/api/event.pb.go:604.39,605.14 1 0
kudago/internal/event/api/event.pb.go:605.14,607.3 1 0
kudago/internal/event/api/event.pb.go:608.2,608.12 1 0
kudago/internal/event/api/event.pb.go:619.41,624.2 4 0
kudago/internal/event/api/event.pb.go:626.49,628.2 1 0
kudago/internal/event/api/event.pb.go:630.47,630.48 0 0
kudago/internal/event/api/event.pb.go:632.69,634.14 2 0
kudago/internal/event/api/event.pb.go:634.14,636.34 2 0
kudago/internal/event/api/event.pb.go:636.34,638.4 1 0
kudago/internal/event/api/event.pb.go:639.3,639.12 1 0
kudago/internal/event/api/event.pb.go:641.2,641.24 1 0
kudago/internal/event/api/event.pb.go:645.60,647.2 1 0
kudago/internal/event/api/event.pb.go:649.61,650.14 1 0
kudago/internal/event/api/event.pb.go:650.14,652.3 1 0
kudago/internal/event/api/event.pb.go:653.2,653.12 1 0
kudago/internal/event/api/event.pb.go:665.33,670.2 4 0
kudago/internal/event/api/event.pb.go:672.41,674.2 1 0
kudago/internal/event/api/event.pb.go:676.39,676.40 0 0
kudago/internal/event/api/event.pb.go:678.61,680.14 2 0
kudago/internal/event/api/event.pb.go:680.14,682.34 2 0
kudago/internal/event/api/event.pb.go:682.34,684.4 1 0
kudago/internal/event/api/event.pb.go:685.3,685.12 1 0
kudago/internal/event/api/event.pb.go:687.2,687.24 1 0
kudago/internal/event/api/event.pb.go:691.52,693.2 1 0
kudago/internal/event/api/event.pb.go:695.43,696.14 1 0
kudago/internal/event/api/event.pb.go:696.14,698.3 1 0
kudago/internal/event/api/event.pb.go:699.2,699.10 1 0
kudago/internal/event/api/event.pb.go:702.44,703.14 1 0
kudago/internal/event/api/event.pb.go:703.14,705.3 1 0
kudago/internal/event/api/event.pb.go:706.2,706.10 1 0
kudago/internal/event/api/event.pb.go:718.28,723.2 4 0
kudago/internal/event/api/event.pb.go:725.36,727.2 1 0
kudago/internal/event/api/event.pb.go:729.34,729.35 0 0
kudago/internal/event/api/event.pb.go:731.56,733.14 2 0
kudago/internal/event/api/event.pb.go:733.14,735.34 2 0
kudago/internal/event/api/event.pb.go:735.34,737.4 1 0
kudago/internal/event/api/event.pb.go:738.3,738.12 1 0
kudago/internal/event/api/event.pb.go:740.2,740.24 1 0
kudago/internal/event/api/event.pb.go:744.47,746.2 1 0
kudago/internal/event/api/event.pb.go:748.34,749.14 1 0
kudago/internal/event/api/event.pb.go:749.14,751.3 1 0
kudago/internal/event/api/event.pb.go:752.2,752.10 1 0
kudago/internal/event/api/event.pb.go:755.37,756.14 1 0
kudago/internal/event/api/event.pb.go:756.14,758.3 1 0
kudago/internal/event/api/event.pb.go:759.2,759.11 1 0
kudago/internal/event/api/event.pb.go:782.25,787.2 4 0
kudago/internal/event/api/event.pb.go:789.33,791.2 1 0
kudago/internal/event/api/event.pb.go:793.31,793.32 0 0
kudago/internal/event/api/event.pb.go:795.53,797.14 2 0
kudago/internal/event/api/event.pb.go:797.14,799.34 2 0
kudago/internal/event/api/event.pb.go:799.34,801.4 1 0
kudago/internal/event/api/event.pb.go:802.3,802.12 1 0
kudago/internal/event/api/event.pb.go:804.2,804.24 1 0
kudago/internal/event/api/event.pb.go:808.44,810.2 1 0
kudago/internal/event/api/event.pb.go:812.31,813.14 1 0
kudago/internal/event/api/event.pb.go:813.14,815.3 1 0
kudago/internal/event/api/event.pb.go:816.2,816.10 1 0
kudago/internal/event/api/event.pb.go:819.35,820.14 1 0
kudago/internal/event/api/event.pb.go:820.14,822.3 1 0
kudago/internal/event/api/event.pb.go:823.2,823.11 1 0
kudago/internal/event/api/event.pb.go:826.41,827.14 1 0
kudago/internal/event/api/event.pb.go:827.14,829.3 1 0
kudago/internal/event/api/event.pb.go:830.2,830.11 1 0
kudago/internal/event/api/event.pb.go:833.38,834.14 1 0
kudago/internal/event/api/event.pb.go:834.14,836.3 1 0
kudago/internal/event/api/event.pb.go:837.2,837.11 1 0
kudago/internal/event/api/event.pb.go:840.39,841.14 1 0
kudago/internal/event/api/event.pb.go:841.14,843.3 1 0
kudago/internal/event/api/event.pb.go:844.2,844.10 1 0
kudago/internal/event/api/event.pb.go:847.37,848.14 1 0
kudago/internal/event/api/event.pb.go:848.14,850.3 1 0
kudago/internal/event/api/event.pb.go:851.2,851.10 1 0
kudago/internal/event/api/event.pb.go:854.35,855.14 1 0
kudago/internal/event/api/event.pb.go:855.14,857.3 1 0
kudago/internal/event/api/event.pb.go:858.2,858.12 1 0
kudago/internal/event/api/event.pb.go:861.37,862.14 1 0
kudago/internal/event/api/event.pb.go:862.14,864.3 1 0
kudago/internal/event/api/event.pb.go:865.2,865.10 1 0
kudago/internal/event/api/event.pb.go:868.39,869.14 1 0
kudago/internal/event/api/event.pb.go:869.14,871.3 1 0
kudago/internal/event/api/event.pb.go:872.2,872.10 1 0
kudago/internal/event/api/event.pb.go:875.40,876.14 1 0
kudago/internal/event/api/event.pb.go:876.14,878.3 1 0
kudago/internal/event/api/event.pb.go:879.2,879.10 1 0
kudago/internal/event/api/event.pb.go:882.40,883.14 1 0
kudago/internal/event/api/event.pb.go:883.14,885.3 1 0
kudago/internal/event/api/event.pb.go:886.2,886.11 1 0
kudago/internal/event/api/event.pb.go:889.38,890.14 1 0
kudago/internal/event/api/event.pb.go:890.14,892.3 1 0
kudago/internal/event/api/event.pb.go:893.2,893.11 1 0
kudago/internal/event/api/event.pb.go:896.35,897.14 1 0
kudago/internal/event/api/event.pb.go:897.14,899.3 1 0
kudago/internal/event/api/event.pb.go:900.2,900.11 1 0
kudago/internal/event/api/event.pb.go:912.24,917.2 4 0
kudago/internal/event/api/event.pb.go:919.32,921.2 1 0
kudago/internal/event/api/event.pb.go:923.30,923.31 0 0
kudago/internal/event/api/event.pb.go:925.52,927.14 2 0
kudago/internal/event/api/event.pb.go:927.14,929.34 2 0
kudago/internal/event/api/event.pb.go:929.34,931.4 1 0
kudago/internal/event/api/event.pb.go:932.3,932.12 1 0
kudago/internal/event/api/event.pb.go:934.2,934.24 1 0
kudago/internal/event/api/event.pb.go:938.43,940.2 1 0
kudago/internal/event/api/event.pb.go:942.33,943.14 1 0
kudago/internal/event/api/event.pb.go:943.14,945.3 1 0
kudago/internal/event/api/event.pb.go:946.2,946.12 1 0
kudago/internal/event/api/event.pb.go:949.37,950.14 1 0
kudago/internal/event/api/event.pb.go:950.14,952.3 1 0
kudago/internal/event/api/event.pb.go:953.2,953.11 1 0
kudago/internal/event/api/event.pb.go:973.32,978.2 4 0
kudago/internal/event/api/event.pb.go:980.40,982.2 1 0
kudago/internal/event/api/event.pb.go:984.38,984.39 0 0
kudago/internal/event/api/event.pb.go:986.60,988.14 2 0
kudago/internal/event/api/event.pb.go:988.14,990.34 2 0
kudago/internal/event/api/event.pb.go:990.34,992.4 1 0
kudago/internal/event/api/event.pb.go:993.3,993.12 1 0
kudago/internal/event/api/event.pb.go:995.2,995.24 1 0
kudago/internal/event/api/event.pb.go:999.51,1001.2 1 0
kudago/internal/event/api/event.pb.go:1003.42,1004.14 1 0
kudago/internal/event/api/event.pb.go:1004.14,1006.3 1 0
kudago/internal/event/api/event.pb.go:1007.2,1007.11 1 0
kudago/internal/event/api/event.pb.go:1010.46,1011.14 1 0
kudago/internal/event/api/event.pb.go:1011.14,1013.3 1 0
kudago/internal/event/api/event.pb.go:1014.2,1014.10 1 0
kudago/internal/event/api/event.pb.go:1017.42,1018.14 1 0
kudago/internal/event/api/event.pb.go:1018.14,1020.3 1 0
kudago/internal/event/api/event.pb.go:1021.2,1021.12 1 0
kudago/internal/event/api/event.pb.go:1024.47,1025.14 1 0
kudago/internal/event/api/event.pb.go:1025.14,1027.3 1 0
kudago/internal/event/api/event.pb.go:1028.2,1028.11 1 0
kudago/internal/event/api/event.pb.go:1031.45,1032.14 1 0
kudago/internal/event/api/event.pb.go:1032.14,1034.3 1 0
kudago/internal/event/api/event.pb.go:1035.2,1035.11 1 0
kudago/internal/event/api/event.pb.go:1038.54,1039.14 1 0
kudago/internal/event/api/event.pb.go:1039.14,1041.3 1 0
kudago/internal/event/api/event.pb.go:1042.2,1042.12 1 0
kudago/internal/event/api/event.pb.go:1045.49,1046.14 1 0
kudago/internal/event/api/event.pb.go:1046.14,1048.3 1 0
kudago/internal/event/api/event.pb.go:1049.2,1049.10 1 0
kudago/internal/event/api/event.pb.go:1052.49,1053.14 1 0
kudago/internal/event/api/event.pb.go:1053.14,1055.3 1 0
kudago/internal/event/api/event.pb.go:1056.2,1056.10 1 0
kudago/internal/event/api/event.pb.go:1059.50,1060.14 1 0
kudago/internal/event/api/event.pb.go:1060.14,1062.3 1 0
kudago/internal/event/api/event.pb.go:1063.2,1063.10 1 0
kudago/internal/event/api/event.pb.go:1066.50,1067.14 1 0
kudago/internal/event/api/event.pb.go:1067.14,1069.3 1 0
kudago/internal/event/api/event.pb.go:1070.2,1070.10 1 0
kudago/internal/event/api/event.pb.go:1079.25,1084.2 4 0
kudago/internal/event/api/event.pb.go:1086.33,1088.2 1 0
kudago/internal/event/api/event.pb.go:1090.31,1090.32 0 0
kudago/internal/event/api/event.pb.go:1092.53,1094.14 2 0
kudago/internal/event/api/event.pb.go:1094.14,1096.34 2 0
kudago/internal/event/api/event.pb.go:1096.34,1098.4 1 0
kudago/internal/event/api/event.pb.go:1099.3,1099.12 1 0
kudago/internal/event/api/event.pb.go:1101.2,1101.24 1 0
kudago/internal/event/api/event.pb.go:1105.44,1107.2 1 0
kudago/internal/event/api/event.pb.go:1300.44,1301.41 1 0
kudago/internal/event/api/event.pb.go:1301.41,1303.3 1 0
kudago/internal/event/api/event.pb.go:1304.2,1304.37 1 0
kudago/internal/event/api/event.pb.go:1378.13,1378.40 1 0
kudago/internal/event/api/event.pb.go:1379.30,1380.29 1 0
kudago/internal/event/api/event.pb.go:1380.29,1382.3 1 0
kudago/internal/event/api/event.pb.go:1383.2,1400.32 6 0
kudago/internal/event/api/event_grpc.pb.go:68.76,70.2 1 0
kudago/internal/event/api/event_grpc.pb.go:72.112,76.16 4 0
kudago/internal/event/api/event_grpc.pb.go:76.16,78.3 1 0
kudago/internal/event/api/event_grpc.pb.go:79.2,79.17 1 0
kudago/internal/event/api/event_grpc.pb.go:82.131,86.16 4 0
kudago/internal/event/api/event_grpc.pb.go:86.16,88.3 1 0
kudago/internal/event/api/event_grpc.pb.go:89.2,89.17 1 0
kudago/internal/event/api/event_grpc.pb.go:92.136,96.16 4 0
kudago/internal/event/api/event_grpc.pb.go:96.16,98.3 1 0
kudago/internal/event/api/event_grpc.pb.go:99.2,99.17 1 0
kudago/internal/event/api/event_grpc.pb.go:102.128,106.16 4 0
kudago/internal/event/api/event_grpc.pb.go:106.16,108.3 1 0
kudago/internal/event/api/event_grpc.pb.go:109.2,109.17 1 0
kudago/internal/event/api/event_grpc.pb.go:112.133,116.16 4 0
kudago/internal/event/api/event_grpc.pb.go:116.16,118.3 1 0
kudago/internal/event/api/event_grpc.pb.go:119.2,119.17 1 0
kudago/internal/event/api/event_grpc.pb.go:122.130,126.16 4 0
kudago/internal/event/api/event_grpc.pb.go:126.16,128.3 1 0
kudago/internal/event/api/event_grpc.pb.go:129.2,129.17 1 0
kudago/internal/event/api/event_grpc.pb.go:132.145,136.16 4 0
kudago/internal/event/api/event_grpc.pb.go:136.16,138.3 1 0
kudago/internal/event/api/event_grpc.pb.go:139.2,139.17 1 0
kudago/internal/event/api/event_grpc.pb.go:142.137,146.16 4 0
kudago/internal/event/api/event_grpc.pb.go:146.16,148.3 1 0
kudago/internal/event/api/event_grpc.pb.go:149.2,149.17 1 0
kudago/internal/event/api/event_grpc.pb.go:152.131,156.16 4 0
kudago/internal/event/api/event_grpc.pb.go:156.16,158.3 1 0
kudago/internal/event/api/event_grpc.pb.go:159.2,159.17 1 0
kudago/internal/event/api/event_grpc.pb.go:162.129,166.16 4 0
kudago/internal/event/api/event_grpc.pb.go:166.16,168.3 1 0
kudago/internal/event/api/event_grpc.pb.go:169.2,169.17 1 0
kudago/internal/event/api/event_grpc.pb.go:172.133,176.16 4 0
kudago/internal/event/api/event_grpc.pb.go:176.16,178.3 1 0
kudago/internal/event/api/event_grpc.pb.go:179.2,179.17 1 0
kudago/internal/event/api/event_grpc.pb.go:182.145,186.16 4 0
kudago/internal/event/api/event_grpc.pb.go:186.16,188.3 1 0
kudago/internal/event/api/event_grpc.pb.go:189.2,189.17 1 0
kudago/internal/event/api/event_grpc.pb.go:192.115,196.16 4 0
kudago/internal/event/api/event_grpc.pb.go:196.16,198.3 1 0
kudago/internal/event/api/event_grpc.pb.go:199.2,199.17 1 0
kudago/internal/event/api/event_grpc.pb.go:202.124,206.16 4 0
kudago/internal/event/api/event_grpc.pb.go:206.16,208.3 1 0
kudago/internal/event/api/event_grpc.pb.go:209.2,209.17 1 0
kudago/internal/event/api/event_grpc.pb.go:212.169,216.16 4 0
kudago/internal/event/api/event_grpc.pb.go:216.16,218.3 1 0
kudago/internal/event/api/event_grpc.pb.go:219.2,219.17 1 0
kudago/internal/event/api/event_grpc.pb.go:222.135,226.16 4 0
kudago/internal/event/api/event_grpc.pb.go:226.16,228.3 1 0
kudago/internal/event/api/event_grpc.pb.go:229.2,229.17 1 0
kudago/internal/event/api/event_grpc.pb.go:232.153,236.16 4 0
kudago/internal/event/api/event_grpc.pb.go:236.16,238.3 1 0
kudago/internal/event/api/event_grpc.pb.go:239.2,239.17 1 0
kudago/internal/event/api/event_grpc.pb.go:273.90,275.2 1 0
kudago/internal/event/api/event_grpc.pb.go:276.109,278.2 1 0
kudago/internal/event/api/event_grpc.pb.go:279.114,281.2 1 0
kudago/internal/event/api/event_grpc.pb.go:282.106,284.2 1 0
kudago/internal/event/api/event_grpc.pb.go:285.111,287.2 1 0
kudago/internal/event/api/event_grpc.pb.go:288.108,290.2 1 0
kudago/internal/event/api/event_grpc.pb.go:291.123,293.2 1 0
kudago/internal/event/api/event_grpc.pb.go:294.115,296.2 1 0
kudago/internal/event/api/event_grpc.pb.go:297.109,299.2 1 0
kudago/internal/event/api/event_grpc.pb.go:300.107,302.2 1 0
kudago/internal/event/api/event_grpc.pb.go:303.111,305.2 1 0
kudago/internal/event/api/event_grpc.pb.go:306.123,308.2 1 0
kudago/internal/event/api/event_grpc.pb.go:309.93,311.2 1 0
kudago/internal/event/api/event_grpc.pb.go:312.102,314.2 1 0
kudago/internal/event/api/event_grpc.pb.go:315.147,317.2 1 0
kudago/internal/event/api/event_grpc.pb.go:318.113,320.2 1 0
kudago/internal/event/api/event_grpc.pb.go:321.131,323.2 1 0
kudago/internal/event/api/event_grpc.pb.go:324.84,324.85 0 0
kudago/internal/event/api/event_grpc.pb.go:325.84,325.85 0 0
kudago/internal/event/api/event_grpc.pb.go:334.82,339.59 1 0
kudago/internal/event/api/event_grpc.pb.go:339.59,341.3 1 0
kudago/internal/event/api/event_grpc.pb.go:342.2,342.51 1 0
kudago/internal/event/api/event_grpc.pb.go:345.166,347.32 2 0
kudago/internal/event/api/event_grpc.pb.go:347.32,349.3 1 0
kudago/internal/event/api/event_grpc.pb.go:350.2,350.24 1 0
kudago/internal/event/api/event_grpc.pb.go:350.24,352.3 1 0
kudago/internal/event/api/event_grpc.pb.go:353.2,357.77 2 0
kudago/internal/event/api/event_grpc.pb.go:357.77,359.3 1 0
kudago/internal/event/api/event_grpc.pb.go:360.2,360.44 1 0
kudago/internal/event/api/event_grpc.pb.go:363.177,365.32 2 0
kudago/internal/event/api/event_grpc.pb.go:365.32,367.3 1 0
kudago/internal/event/api/event_grpc.pb.go:368.2,368.24 1 0
kudago/internal/event/api/event_grpc.pb.go:368.24,370.3 1 0
kudago/internal/event/api/event_grpc.pb.go:371.2,375.77 2 0
kudago/internal/event/api/event_grpc.pb.go:375.77,377.3 1 0
kudago/internal/event/api/event_grpc.pb.go:378.2,378.44 1 0
kudago/internal/event/api/event_grpc.pb.go:381.182,383.32 2 0
kudago/internal/event/api/event_grpc.pb.go:383.32,385.3 1 0
kudago/internal/event/api/event_grpc.pb.go:386.2,386.24 1 0
kudago/internal/event/api/event_grpc.pb.go:386.24,388.3 1 0
kudago/internal/event/api/event_grpc.pb.go:389.2,393.77 2 0
kudago/internal/event/api/event_grpc.pb.go:393.77,395.3 1 0
kudago/internal/event/api/event_grpc.pb.go:396.2,396.44 1 0
kudago/internal/event/api/event_grpc.pb.go:399.169,401.32 2 0
kudago/internal/event/api/event_grpc.pb.go:401.32,403.3 1 0
kudago/internal/event/api/event_grpc.pb.go:404.2,404.24 1 0
kudago/internal/event/api/event_grpc.pb.go:404.24,406.3 1 0
kudago/internal/event/api/event_grpc.pb.go:407.2,411.77 2 0
kudago/internal/event/api/event_grpc.pb.go:411.77,413.3 1 0
kudago/internal/event/api/event_grpc.pb.go:414.2,414.44 1 0
kudago/internal/event/api/event_grpc.pb.go:417.171,419.32 2 0
kudago/internal/event/api/event_grpc.pb.go:419.32,421.3 1 0
kudago/internal/event/api/event_grpc.pb.go:422.2,422.24 1 0
kudago/internal/event/api/event_grpc.pb.go:422.24,424.3 1 0
kudago/internal/event/api/event_grpc.pb.go:425.2,429.77 2 0
kudago/internal/event/api/event_grpc.pb.go:429.77,431.3 1 0
kudago/internal/event/api/event_grpc.pb.go:432.2,432.44 1 0
kudago/internal/event/api/event_grpc.pb.go:435.170,437.32 2 0
kudago/internal/event/api/event_grpc.pb.go:437.32,439.3 1 0
kudago/internal/event/api/event_grpc.pb.go:440.2,440.24 1 0
kudago/internal/event/api/event_grpc.pb.go:440.24,442.3 1 0
kudago/internal/event/api/event_grpc.pb.go:443.2,447.77 2 0
kudago/internal/event/api/event_grpc.pb.go:447.77,449.3 1 0
kudago/internal/event/api/event_grpc.pb.go:450.2,450.44 1 0
kudago/internal/event/api/event_grpc.pb.go:453.177,455.32 2 0
kudago/internal/event/api/event_grpc.pb.go:455.32,457.3 1 0
kudago/internal/event/api/event_grpc.pb.go:458.2,458.24 1 0
kudago/internal/event/api/event_grpc.pb.go:458.24,460.3 1 0
kudago/internal/event/api/event_grpc.pb.go:461.2,465.77 2 0
kudago/internal/event/api/event_grpc.pb.go:465.77,467.3 1 0
kudago/internal/event/api/event_grpc.pb.go:468.2,468.44 1 0
kudago/internal/event/api/event_grpc.pb.go:471.173,473.32 2 0
kudago/internal/event/api/event_grpc.pb.go:473.32,475.3 1 0
kudago/internal/event/api/event_grpc.pb.go:476.2,476.24 1 0
kudago/internal/event/api/event_grpc.pb.go:476.24,478.3 1 0
kudago/internal/event/api/event_grpc.pb.go:479.2,483.77 2 0
kudago/internal/event/api/event_grpc.pb.go:483.77,485.3 1 0
kudago/internal/event/api/event_grpc.pb.go:486.2,486.44 1 0
kudago/internal/event/api/event_grpc.pb.go:489.170,491.32 2 0
kudago/internal/event/api/event_grpc.pb.go:491.32,493.3 1 0
kudago/internal/event/api/event_grpc.pb.go:494.2,494.24 1 0
kudago/internal/event/api/event_grpc.pb.go:494.24,496.3 1 0
kudago/internal/event/api/event_grpc.pb.go:497.2,501.77 2 0
kudago/internal/event/api/event_grpc.pb.go:501.77,503.3 1 0
kudago/internal/event/api/event_grpc.pb.go:504.2,504.44 1 0
kudago/internal/event/api/event_grpc.pb.go:507.171,509.32 2 0
kudago/internal/event/api/event_grpc.pb.go:509.32,511.3 1 0
kudago/internal/event/api/event_grpc.pb.go:512.2,512.24 1 0
kudago/internal/event/api/event_grpc.pb.go:512.24,514.3 1 0
kudago/internal/event/api/event_grpc.pb.go:515.2,519.77 2 0
kudago/internal/event/api/event_grpc.pb.go:519.77,521.3 1 0
kudago/internal/event/api/event_grpc.pb.go:522.2,522.44 1 0
kudago/internal/event/api/event_grpc.pb.go:525.175,527.32 2 0
kudago/internal/event/api/event_grpc.pb.go:527.32,529.3 1 0
kudago/internal/event/api/event_grpc.pb.go:530.2,530.24 1 0
kudago/internal/event/api/event_grpc.pb.go:530.24,532.3 1 0
kudago/internal/event/api/event_grpc.pb.go:533.2,537.77 2 0
kudago/internal/event/api/event_grpc.pb.go:537.77,539.3 1 0
kudago/internal/event/api/event_grpc.pb.go:540.2,540.44 1 0
kudago/internal/event/api/event_grpc.pb.go:543.180,545.32 2 0
kudago/internal/event/api/event_grpc.pb.go:545.32,547.3 1 0
kudago/internal/event/api/event_grpc.pb.go:548.2,548.24 1 0
kudago/internal/event/api/event_grpc.pb.go:548.24,550.3 1 0
kudago/internal/event/api/event_grpc.pb.go:551.2,555.77 2 0
kudago/internal/event/api/event_grpc.pb.go:555.77,557.3 1 0
kudago/internal/event/api/event_grpc.pb.go:558.2,558.44 1 0
kudago/internal/event/api/event_grpc.pb.go:561.169,563.32 2 0
kudago/internal/event/api/event_grpc.pb.go:563.32,565.3 1 0
kudago/internal/event/api/event_grpc.pb.go:566.2,566.24 1 0
kudago/internal/event/api/event_grpc.pb.go:566.24,568.3 1 0
kudago/internal/event/api/event_grpc.pb.go:569.2,573.77 2 0
kudago/internal/event/api/event_grpc.pb.go:573.77,575.3 1 0
kudago/internal/event/api/event_grpc.pb.go:576.2,576.44 1 0
kudago/internal/event/api/event_grpc.pb.go:579.170,581.32 2 0
kudago/internal/event/api/event_grpc.pb.go:581.32,583.3 1 0
kudago/internal/event/api/event_grpc.pb.go:584.2,584.24 1 0
kudago/internal/event/api/event_grpc.pb.go:584.24,586.3 1 0
kudago/internal/event/api/event_grpc.pb.go:587.2,591.77 2 0
kudago/internal/event/api/event_grpc.pb.go:591.77,593.3 1 0
kudago/internal/event/api/event_grpc.pb.go:594.2,594.44 1 0
kudago/internal/event/api/event_grpc.pb.go:597.183,599.32 2 0
kudago/internal/event/api/event_grpc.pb.go:599.32,601.3 1 0
kudago/internal/event/api/event_grpc.pb.go:602.2,602.24 1 0
kudago/internal/event/api/event_grpc.pb.go:602.24,604.3 1 0
kudago/internal/event/api/event_grpc.pb.go:605.2,609.77 2 0
kudago/internal/event/api/event_grpc.pb.go:609.77,611.3 1 0
kudago/internal/event/api/event_grpc.pb.go:612.2,612.44 1 0
kudago/internal/event/api/event_grpc.pb.go:615.172,617.32 2 0
kudago/internal/event/api/event_grpc.pb.go:617.32,619.3 1 0
kudago/internal/event/api/event_grpc.pb.go:620.2,620.24 1 0
kudago/internal/event/api/event_grpc.pb.go:620.24,622.3 1 0
kudago/internal/event/api/event_grpc.pb.go:623.2,627.77 2 0
kudago/internal/event/api/event_grpc.pb.go:627.77,629.3 1 0
kudago/internal/event/api/event_grpc.pb.go:630.2,630.44 1 0
kudago/internal/event/api/event_grpc.pb.go:633.175,635.32 2 0
kudago/internal/event/api/event_grpc.pb.go:635.32,637.3 1 0
kudago/internal/event/api/event_grpc.pb.go:638.2,638.24 1 0
kudago/internal/event/api/event_grpc.pb.go:638.24,640.3 1 0
kudago/internal/event/api/event_grpc.pb.go:641.2,645.77 2 0
kudago/internal/event/api/event_grpc.pb.go:645.77,647.3 1 0
kudago/internal/event/api/event_grpc.pb.go:648.2,648.44 1 0
kudago/internal/auth/api/auth.pb.go:34.35,39.2 4 0
kudago/internal/auth/api/auth.pb.go:41.43,43.2 1 0
kudago/internal/auth/api/auth.pb.go:45.41,45.42 0 0
kudago/internal/auth/api/auth.pb.go:47.63,49.14 2 0
kudago/internal/auth/api/auth.pb.go:49.14,51.34 2 0
kudago/internal/auth/api/auth.pb.go:51.34,53.4 1 0
kudago/internal/auth/api/auth.pb.go:54.3,54.12 1 0
kudago/internal/auth/api/auth.pb.go:56.2,56.24 1 0
kudago/internal/auth/api/auth.pb.go:60.54,62.2 1 0
kudago/internal/auth/api/auth.pb.go:64.48,65.14 1 0
kudago/internal/auth/api/auth.pb.go:65.14,67.3 1 0
kudago/internal/auth/api/auth.pb.go:68.2,68.11 1 0
kudago/internal/auth/api/auth.pb.go:71.45,72.14 1 0
kudago/internal/auth/api/auth.pb.go:72.14,74.3 1 0
kudago/internal/auth/api/auth.pb.go:75.2,75.11 1 0
kudago/internal/auth/api/auth.pb.go:78.48,79.14 1 0
kudago/internal/auth/api/auth.pb.go:79.14,81.3 1 0
kudago/internal/auth/api/auth.pb.go:82.2,82.11 1 0
kudago/internal/auth/api/auth.pb.go:85.49,86.14 1 0
kudago/internal/auth/api/auth.pb.go:86.14,88.3 1 0
kudago/internal/auth/api/auth.pb.go:89.2,89.11 1 0
kudago/internal/auth/api/auth.pb.go:101.32,106.2 4 0
kudago/internal/auth/api/auth.pb.go:108.40,110.2 1 0
kudago/internal/auth/api/auth.pb.go:112.38,112.39 0 0
kudago/internal/auth/api/auth.pb.go:114.60,116.14 2 0
kudago/internal/auth/api/auth.pb.go:116.14,118.34 2 0
kudago/internal/auth/api/auth.pb.go:118.34,120.4 1 0
kudago/internal/auth/api/auth.pb.go:121.3,121.12 1 0
kudago/internal/auth/api/auth.pb.go:123.2,123.24 1 0
kudago/internal/auth/api/auth.pb.go:127.51,129.2 1 0
kudago/internal/auth/api/auth.pb.go:131.45,132.14 1 0
kudago/internal/auth/api/auth.pb.go:132.14,134.3 1 0
kudago/internal/auth/api/auth.pb.go:135.2,135.11 1 0
kudago/internal/auth/api/auth.pb.go:138.45,139.14 1 0
kudago/internal/auth/api/auth.pb.go:139.14,141.3 1 0
kudago/internal/auth/api/auth.pb.go:142.2,142.11 1 0
kudago/internal/auth/api/auth.pb.go:153.39,158.2 4 0
kudago/internal/auth/api/auth.pb.go:160.47,162.2 1 0
kudago/internal/auth/api/auth.pb.go:164.45,164.46 0 0
kudago/internal/auth/api/auth.pb.go:166.67,168.14 2 0
kudago/internal/auth/api/auth.pb.go:168.14,170.34 2 0
kudago/internal/auth/api/auth.pb.go:170.34,172.4 1 0
kudago/internal/auth/api/auth.pb.go:173.3,173.12 1 0
kudago/internal/auth/api/auth.pb.go:175.2,175.24 1 0
kudago/internal/auth/api/auth.pb.go:179.58,181.2 1 0
kudago/internal/auth/api/auth.pb.go:183.50,184.14 1 0
kudago/internal/auth/api/auth.pb.go:184.14,186.3 1 0
kudago/internal/auth/api/auth.pb.go:187.2,187.11 1 0
kudago/internal/auth/api/auth.pb.go:198.34,203.2 4 0
kudago/internal/auth/api/auth.pb.go:205.42,207.2 1 0
kudago/internal/auth/api/auth.pb.go:209.40,209.41 0 0
kudago/internal/auth/api/auth.pb.go:211.62,213.14 2 0
kudago/internal/auth/api/auth.pb.go:213.14,215.34 2 0
kudago/internal/auth/api/auth.pb.go:215.34,217.4 1 0
kudago/internal/auth/api/auth.pb.go:218.3,218.12 1 0
kudago/internal/auth/api/auth.pb.go:220.2,220.24 1 0
kudago/internal/auth/api/auth.pb.go:224.53,226.2 1 0
kudago/internal/auth/api/auth.pb.go:228.40,229.14 1 0
kudago/internal/auth/api/auth.pb.go:229.14,231.3 1 0
kudago/internal/auth/api/auth.pb.go:232.2,232.10 1 0
kudago/internal/auth/api/auth.pb.go:246.24,251.2 4 0
kudago/internal/auth/api/auth.pb.go:253.32,255.2 1 0
kudago/internal/auth/api/auth.pb.go:257.30,257.31 0 0
kudago/internal/auth/api/auth.pb.go:259.52,261.14 2 0
kudago/internal/auth/api/auth.pb.go:261.14,263.34 2 0
kudago/internal/auth/api/auth.pb.go:263.34,265.4 1 0
kudago/internal/auth/api/auth.pb.go:266.3,266.12 1 0
kudago/internal/auth/api/auth.pb.go:268.2,268.24 1 0
kudago/internal/auth/api/auth.pb.go:272.43,274.2 1 0
kudago/internal/auth/api/auth.pb.go:276.30,277.14 1 0
kudago/internal/auth/api/auth.pb.go:277.14,279.3 1 0
kudago/internal/auth/api/auth.pb.go:280.2,280.10 1 0
kudago/internal/auth/api/auth.pb.go:283.37,284.14 1 0
kudago/internal/auth/api/auth.pb.go:284.14,286.3 1 0
kudago/internal/auth/api/auth.pb.go:287.2,287.11 1 0
kudago/internal/auth/api/auth.pb.go:290.34,291.14 1 0
kudago/internal/auth/api/auth.pb.go:291.14,293.3 1 0
kudago/internal/auth/api/auth.pb.go:294.2,294.11 1 0
kudago/internal/auth/api/auth.pb.go:297.38,298.14 1 0
kudago/internal/auth/api/auth.pb.go:298.14,300.3 1 0
kudago/internal/auth/api/auth.pb.go:301.2,301.11 1 0
kudago/internal/auth/api/auth.pb.go:312.33,317.2 4 0
kudago/internal/auth/api/auth.pb.go:319.41,321.2 1 0
kudago/internal/auth/api/auth.pb.go:323.39,323.40 0 0
kudago/internal/auth/api/auth.pb.go:325.61,327.14 2 0
kudago/internal/auth/api/auth.pb.go:327.14,329.34 2 0
kudago/internal/auth/api/auth.pb.go:329.34,331.4 1 0
kudago/internal/auth/api/auth.pb.go:332.3,332.12 1 0
kudago/internal/auth/api/auth.pb.go:334.2,334.24 1 0
kudago/internal/auth/api/auth.pb.go:338.52,340.2 1 0
kudago/internal/auth/api/auth.pb.go:342.43,343.14 1 0
kudago/internal/auth/api/auth.pb.go:343.14,345.3 1 0
kudago/internal/auth/api/auth.pb.go:346.2,346.11 1 0
kudago/internal/auth/api/auth.pb.go:355.25,360.2 4 0
kudago/internal/auth/api/auth.pb.go:362.33,364.2 1 0
kudago/internal/auth/api/auth.pb.go:366.31,366.32 0 0
kudago/internal/auth/api/auth.pb.go:368.53,370.14 2 0
kudago/internal/auth/api/auth.pb.go:370.14,372.34 2 0
kudago/internal/auth/api/auth.pb.go:372.34,374.4 1 0
kudago/internal/auth/api/auth.pb.go:375.3,375.12 1 0
kudago/internal/auth/api/auth.pb.go:377.2,377.24 1 0
kudago/internal/auth/api/auth.pb.go:381.44,383.2 1 0
kudago/internal/auth/api/auth.pb.go:393.40,398.2 4 0
kudago/internal/auth/api/auth.pb.go:400.48,402.2 1 0
kudago/internal/auth/api/auth.pb.go:404.46,404.47 0 0
kudago/internal/auth/api/auth.pb.go:406.68,408.14 2 0
kudago/internal/auth/api/auth.pb.go:408.14,410.34 2 0
kudago/internal/auth/api/auth.pb.go:410.34,412.4 1 0
kudago/internal/auth/api/auth.pb.go:413.3,413.12 1 0
kudago/internal/auth/api/auth.pb.go:415.2,415.24 1 0
kudago/internal/auth/api/auth.pb.go:419.59,421.2 1 0
kudago/internal/auth/api/auth.pb.go:423.46,424.14 1 0
kudago/internal/auth/api/auth.pb.go:424.14,426.3 1 0
kudago/internal/auth/api/auth.pb.go:427.2,427.10 1 0
kudago/internal/auth/api/auth.pb.go:440.27,445.2 4 0
kudago/internal/auth/api/auth.pb.go:447.35,449.2 1 0
kudago/internal/auth/api/auth.pb.go:451.33,451.34 0 0
kudago/internal/auth/api/auth.pb.go:453.55,455.14 2 0
kudago/internal/auth/api/auth.pb.go:455.14,457.34 2 0
kudago/internal/auth/api/auth.pb.go:457.34,459.4 1 0
kudago/internal/auth/api/auth.pb.go:460.3,460.12 1 0
kudago/internal/auth/api/auth.pb.go:462.2,462.24 1 0
kudago/internal/auth/api/auth.pb.go:466.46,468.2 1 0
kudago/internal/auth/api/auth.pb.go:470.37,471.14 1 0
kudago/internal/auth/api/auth.pb.go:471.14,473.3 1 0
kudago/internal/auth/api/auth.pb.go:474.2,474.10 1 0
kudago/internal/auth/api/auth.pb.go:477.37,478.14 1 0
kudago/internal/auth/api/auth.pb.go:478.14,480.3 1 0
kudago/internal/auth/api/auth.pb.go:481.2,481.11 1 0
kudago/internal/auth/api/auth.pb.go:484.39,485.14 1 0
kudago/internal/auth/api/auth.pb.go:485.14,487.3 1 0
kudago/internal/auth/api/auth.pb.go:488.2,488.11 1 0
kudago/internal/auth/api/auth.pb.go:499.40,504.2 4 0
kudago/internal/auth/api/auth.pb.go:506.48,508.2 1 0
kudago/internal/auth/api/auth.pb.go:510.46,510.47 0 0
kudago/internal/auth/api/auth.pb.go:512.68,514.14 2 0
kudago/internal/auth/api/auth.pb.go:514.14,516.34 2 0
kudago/internal/auth/api/auth.pb.go:516.34,518.4 1 0
kudago/internal/auth/api/auth.pb.go:519.3,519.12 1 0
kudago/internal/auth/api/auth.pb.go:521.2,521.24 1 0
kudago/internal/auth/api/auth.pb.go:525.59,527.2 1 0
kudago/internal/auth/api/auth.pb.go:529.50,530.14 1 0
kudago/internal/auth/api/auth.pb.go:530.14,532.3 1 0
kudago/internal/auth/api/auth.pb.go:533.2,533.11 1 0
kudago/internal/auth/api/auth.pb.go:610.43,611.40 1 0
kudago/internal/auth/api/auth.pb.go:611.40,613.3 1 0
kudago/internal/auth/api/auth.pb.go:614.2,614.36 1 0
kudago/internal/auth/api/auth.pb.go:652.13,652.39 1 1
kudago/internal/auth/api/auth.pb.go:653.29,654.28 1 1
kudago/internal/auth/api/auth.pb.go:654.28,656.3 1 0
kudago/internal/auth/api/auth.pb.go:657.2,674.31 6 1
kudago/internal/auth/api/auth_grpc.pb.go:48.74,50.2 1 0
kudago/internal/auth/api/auth_grpc.pb.go:52.120,56.16 4 0
kudago/internal/auth/api/auth_grpc.pb.go:56.16,58.3 1 0
kudago/internal/auth/api/auth_grpc.pb.go:59.2,59.17 1 0
kudago/internal/auth/api/auth_grpc.pb.go:62.114,66.16 4 0
kudago/internal/auth/api/auth_grpc.pb.go:66.16,68.3 1 0
kudago/internal/auth/api/auth_grpc.pb.go:69.2,69.17 1 0
kudago/internal/auth/api/auth_grpc.pb.go:72.131,76.16 4 0
kudago/internal/auth/api/auth_grpc.pb.go:76.16,78.3 1 0
kudago/internal/auth/api/auth_grpc.pb.go:79.2,79.17 1 0
kudago/internal/auth/api/auth_grpc.pb.go:82.118,86.16 4 0
kudago/internal/auth/api/auth_grpc.pb.go:86.16,88.3 1 0
kudago/internal/auth/api/auth_grpc.pb.go:89.2,89.17 1 0
kudago/internal/auth/api/auth_grpc.pb.go:92.117,96.16 4 0
kudago/internal/auth/api/auth_grpc.pb.go:96.16,98.3 1 0
kudago/internal/auth/api/auth_grpc.pb.go:99.2,99.17 1 0
kudago/internal/auth/api/auth_grpc.pb.go:102.133,106.16 4 0
kudago/internal/auth/api/auth_grpc.pb.go:106.16,108.3 1 0
kudago/internal/auth/api/auth_grpc.pb.go:109.2,109.17 1 0
kudago/internal/auth/api/auth_grpc.pb.go:112.131,116.16 4 0
kudago/internal/auth/api/auth_grpc.pb.go:116.16,118.3 1 0
kudago/internal/auth/api/auth_grpc.pb.go:119.2,119.17 1 0
kudago/internal/auth/api/auth_grpc.pb.go:143.98,145.2 1 0
kudago/internal/auth/api/auth_grpc.pb.go:146.92,148.2 1 0
kudago/internal/auth/api/auth_grpc.pb.go:149.109,151.2 1 0
kudago/internal/auth/api/auth_grpc.pb.go:152.96,154.2 1 0
kudago/internal/auth/api/auth_grpc.pb.go:155.95,157.2 1 0
kudago/internal/auth/api/auth_grpc.pb.go:158.111,160.2 1 0
kudago/internal/auth/api/auth_grpc.pb.go:161.109,163.2 1 0
kudago/internal/auth/api/auth_grpc.pb.go:164.82,164.83 0 0
kudago/internal/auth/api/auth_grpc.pb.go:165.82,165.83 0 0
kudago/internal/auth/api/auth_grpc.pb.go:174.80,179.59 1 0
kudago/internal/auth/api/auth_grpc.pb.go:179.59,181.3 1 0
kudago/internal/auth/api/auth_grpc.pb.go:182.2,182.50 1 0
kudago/internal/auth/api/auth_grpc.pb.go:185.165,187.32 2 0
kudago/internal/auth/api/auth_grpc.pb.go:187.32,189.3 1 0
kudago/internal/auth/api/auth_grpc.pb.go:190.2,190.24 1 0
kudago/internal/auth/api/auth_grpc.pb.go:190.24,192.3 1 0
kudago/internal/auth/api/auth_grpc.pb.go:193.2,197.77 2 0
kudago/internal/auth/api/auth_grpc.pb.go:197.77,199.3 1 0
kudago/internal/auth/api/auth_grpc.pb.go:200.2,200.44 1 0
kudago/internal/auth/api/auth_grpc.pb.go:203.162,205.32 2 0
kudago/internal/auth/api/auth_grpc.pb.go:205.32,207.3 1 0
kudago/internal/auth/api/auth_grpc.pb.go:208.2,208.24 1 0
kudago/internal/auth/api/auth_grpc.pb.go:208.24,210.3 1 0
kudago/internal/auth/api/auth_grpc.pb.go:211.2,215.77 2 0
kudago/internal/auth/api/auth_grpc.pb.go:215.77,217.3 1 0
kudago/internal/auth/api/auth_grpc.pb.go:218.2,218.44 1 0
kudago/internal/auth/api/auth_grpc.pb.go:221.169,223.32 2 0
kudago/internal/auth/api/auth_grpc.pb.go:223.32,225.3 1 0
kudago/internal/auth/api/auth_grpc.pb.go:226.2,226.24 1 0
kudago/internal/auth/api/auth_grpc.pb.go:226.24,228.3 1 0
kudago/internal/auth/api/auth_grpc.pb.go:229.2,233.77 2 0
kudago/internal/auth/api/auth_grpc.pb.go:233.77,235.3 1 0
kudago/internal/auth/api/auth_grpc.pb.go:236.2,236.44 1 0
kudago/internal/auth/api/auth_grpc.pb.go:239.164,241.32 2 0
kudago/internal/auth/api/auth_grpc.pb.go:241.32,243.3 1 0
kudago/internal/auth/api/auth_grpc.pb.go:244.2,244.24 1 0
kudago/internal/auth/api/auth_grpc.pb.go:244.24,246.3 1 0
kudago/internal/auth/api/auth_grpc.pb.go:247.2,251.77 2 0
kudago/internal/auth/api/auth_grpc.pb.go:251.77,253.3 1 0
kudago/internal/auth/api/auth_grpc.pb.go:254.2,254.44 1 0
kudago/internal/auth/api/auth_grpc.pb.go:257.163,259.32 2 0
kudago/internal/auth/api/auth_grpc.pb.go:259.32,261.3 1 0
kudago/internal/auth/api/auth_grpc.pb.go:262.2,262.24 1 0
kudago/internal/auth/api/auth_grpc.pb.go:262.24,264.3 1 0
kudago/internal/auth/api/auth_grpc.pb.go:265.2,269.77 2 0
kudago/internal/auth/api/auth_grpc.pb.go:269.77,271.3 1 0
kudago/internal/auth/api/auth_grpc.pb.go:272.2,272.44 1 0
kudago/internal/auth/api/auth_grpc.pb.go:275.170,277.32 2 0
kudago/internal/auth/api/auth_grpc.pb.go:277.32,279.3 1 0
kudago/internal/auth/api/auth_grpc.pb.go:280.2,280.24 1 0
kudago/internal/auth/api/auth_grpc.pb.go:280.24,282.3 1 0
kudago/internal/auth/api/auth_grpc.pb.go:283.2,287.77 2 0
kudago/internal/auth/api/auth_grpc.pb.go:287.77,289.3 1 0
kudago/internal/auth/api/auth_grpc.pb.go:290.2,290.44 1 0
[...]
kudago/internal/user/api/user.pb.go:46.14,48.34 2 0
kudago/internal/user/api/user.pb.go:48.34,50.4 1 0
kudago/internal/user/api/user.pb.go:51.3,51.12 1 0
kudago/internal/user/api/user.pb.go:53.2,53.24 1 0
kudago/internal/user/api/user.pb.go:57.57,59.2 1 0
kudago/internal/user/api/user.pb.go:61.44,62.14 1 0
kudago/internal/user/api/user.pb.go:62.14,64.3 1 0
kudago/internal/user/api/user.pb.go:65.2,65.10 1 0
kudago/internal/user/api/user.pb.go:76.43,81.2 4 0
kudago/internal/user/api/user.pb.go:83.51,85.2 1 0
kudago/internal/user/api/user.pb.go:87.49,87.50 0 0
kudago/internal/user/api/user.pb.go:89.71,91.14 2 0
kudago/internal/user/api/user.pb.go:91.14,93.34 2 0
kudago/internal/user/api/user.pb.go:93.34,95.4 1 0
kudago/internal/user/api/user.pb.go:96.3,96.12 1 0
kudago/internal/user/api/user.pb.go:98.2,98.24 1 0
kudago/internal/user/api/user.pb.go:102.62,104.2 1 0
kudago/internal/user/api/user.pb.go:106.49,107.14 1 0
kudago/internal/user/api/user.pb.go:107.14,109.3 1 0
kudago/internal/user/api/user.pb.go:110.2,110.10 1 0
kudago/internal/user/api/user.pb.go:121.44,126.2 4 0
kudago/internal/user/api/user.pb.go:128.52,130.2 1 0
kudago/internal/user/api/user.pb.go:132.50,132.51 0 0
kudago/internal/user/api/user.pb.go:134.72,136.14 2 0
kudago/internal/user/api/user.pb.go:136.14,138.34 2 0
kudago/internal/user/api/user.pb.go:138.34,140.4 1 0
kudago/internal/user/api/user.pb.go:141.3,141.12 1 0
kudago/internal/user/api/user.pb.go:143.2,143.24 1 0
kudago/internal/user/api/user.pb.go:147.63,149.2 1 0
kudago/internal/user/api/user.pb.go:151.55,152.14 1 0
kudago/internal/user/api/user.pb.go:152.14,154.3 1 0
kudago/internal/user/api/user.pb.go:155.2,155.12 1 0
kudago/internal/user/api/user.pb.go:167.32,172.2 4 0
kudago/internal/user/api/user.pb.go:174.40,176.2 1 0
kudago/internal/user/api/user.pb.go:178.38,178.39 0 0
kudago/internal/user/api/user.pb.go:180.60,182.14 2 0
kudago/internal/user/api/user.pb.go:182.14,184.34 2 0
kudago/internal/user/api/user.pb.go:184.34,186.4 1 0
kudago/internal/user/api/user.pb.go:187.3,187.12 1 0
kudago/internal/user/api/user.pb.go:189.2,189.24 1 0
kudago/internal/user/api/user.pb.go:193.51,195.2 1 0
kudago/internal/user/api/user.pb.go:197.48,198.14 1 0
kudago/internal/user/api/user.pb.go:198.14,200.3 1 0
kudago/internal/user/api/user.pb.go:201.2,201.10 1 0
kudago/internal/user/api/user.pb.go:204.45,205.14 1 0
kudago/internal/user/api/user.pb.go:205.14,207.3 1 0
kudago/internal/user/api/user.pb.go:208.2,208.10 1 0
kudago/internal/user/api/user.pb.go:222.24,227.2 4 0
kudago/internal/user/api/user.pb.go:229.32,231.2 1 0
kudago/internal/user/api/user.pb.go:233.30,233.31 0 0
kudago/internal/user/api/user.pb.go:235.52,237.14 2 0
kudago/internal/user/api/user.pb.go:237.14,239.34 2 0
kudago/internal/user/api/user.pb.go:239.34,241.4 1 0
kudago/internal/user/api/user.pb.go:242.3,242.12 1 0
kudago/internal/user/api/user.pb.go:244.2,244.24 1 0
kudago/internal/user/api/user.pb.go:248.43,250.2 1 0
kudago/internal/user/api/user.pb.go:252.30,253.14 1 0
kudago/internal/user/api/user.pb.go:253.14,255.3 1 0
kudago/internal/user/api/user.pb.go:256.2,256.10 1 0
kudago/internal/user/api/user.pb.go:259.37,260.14 1 0
kudago/internal/user/api/user.pb.go:260.14,262.3 1 0
kudago/internal/user/api/user.pb.go:263.2,263.11 1 0
kudago/internal/user/api/user.pb.go:266.34,267.14 1 0
kudago/internal/user/api/user.pb.go:267.14,269.3 1 0
kudago/internal/user/api/user.pb.go:270.2,270.11 1 0
kudago/internal/user/api/user.pb.go:273.38,274.14 1 0
kudago/internal/user/api/user.pb.go:274.14,276.3 1 0
kudago/internal/user/api/user.pb.go:277.2,277.11 1 0
kudago/internal/user/api/user.pb.go:288.41,293.2 4 0
kudago/internal/user/api/user.pb.go:295.49,297.2 1 0
kudago/internal/user/api/user.pb.go:299.47,299.48 0 0
kudago/internal/user/api/user.pb.go:301.69,303.14 2 0
kudago/internal/user/api/user.pb.go:303.14,305.34 2 0
kudago/internal/user/api/user.pb.go:305.34,307.4 1 0
kudago/internal/user/api/user.pb.go:308.3,308.12 1 0
kudago/internal/user/api/user.pb.go:310.2,310.24 1 0
kudago/internal/user/api/user.pb.go:314.60,316.2 1 0
kudago/internal/user/api/user.pb.go:318.47,319.14 1 0
kudago/internal/user/api/user.pb.go:319.14,321.3 1 0
kudago/internal/user/api/user.pb.go:322.2,322.10 1 0
kudago/internal/user/api/user.pb.go:333.42,338.2 4 0
kudago/internal/user/api/user.pb.go:340.50,342.2 1 0
kudago/internal/user/api/user.pb.go:344.48,344.49 0 0
kudago/internal/user/api/user.pb.go:346.70,348.14 2 0
kudago/internal/user/api/user.pb.go:348.14,350.34 2 0
kudago/internal/user/api/user.pb.go:350.34,352.4 1 0
kudago/internal/user/api/user.pb.go:353.3,353.12 1 0
kudago/internal/user/api/user.pb.go:355.2,355.24 1 0
kudago/internal/user/api/user.pb.go:359.61,361.2 1 0
kudago/internal/user/api/user.pb.go:363.53,364.14 1 0
kudago/internal/user/api/user.pb.go:364.14,366.3 1 0
kudago/internal/user/api/user.pb.go:367.2,367.12 1 0
kudago/internal/user/api/user.pb.go:376.25,381.2 4 0
kudago/internal/user/api/user.pb.go:383.33,385.2 1 0
kudago/internal/user/api/user.pb.go:387.31,387.32 0 0
kudago/internal/user/api/user.pb.go:389.53,391.14 2 0
kudago/internal/user/api/user.pb.go:391.14,393.34 2 0
kudago/internal/user/api/user.pb.go:393.34,395.4 1 0
kudago/internal/user/api/user.pb.go:396.3,396.12 1 0
kudago/internal/user/api/user.pb.go:398.2,398.24 1 0
kudago/internal/user/api/user.pb.go:402.44,404.2 1 0
kudago/internal/user/api/user.pb.go:469.43,470.40 1 0
kudago/internal/user/api/user.pb.go:470.40,472.3 1 0
kudago/internal/user/api/user.pb.go:473.2,473.36 1 0
kudago/internal/user/api/user.pb.go:509.13,509.39 1 1
kudago/internal/user/api/user.pb.go:510.29,511.28 1 1
kudago/internal/user/api/user.pb.go:511.28,513.3 1 0
kudago/internal/user/api/user.pb.go:514.2,531.31 6 1
kudago/internal/user/api/user_grpc.pb.go:46.74,48.2 1 0
kudago/internal/user/api/user_grpc.pb.go:50.126,54.16 4 0
kudago/internal/user/api/user_grpc.pb.go:54.16,56.3 1 0
kudago/internal/user/api/user_grpc.pb.go:57.2,57.17 1 0
kudago/internal/user/api/user_grpc.pb.go:60.119,64.16 4 0
kudago/internal/user/api/user_grpc.pb.go:64.16,66.3 1 0
kudago/internal/user/api/user_grpc.pb.go:67.2,67.17 1 0
kudago/internal/user/api/user_grpc.pb.go:70.121,74.16 4 0
kudago/internal/user/api/user_grpc.pb.go:74.16,76.3 1 0
kudago/internal/user/api/user_grpc.pb.go:77.2,77.17 1 0
kudago/internal/user/api/user_grpc.pb.go:80.156,84.16 4 0
kudago/internal/user/api/user_grpc.pb.go:84.16,86.3 1 0
kudago/internal/user/api/user_grpc.pb.go:87.2,87.17 1 0
kudago/internal/user/api/user_grpc.pb.go:90.150,94.16 4 0
kudago/internal/user/api/user_grpc.pb.go:94.16,96.3 1 0
kudago/internal/user/api/user_grpc.pb.go:97.2,97.17 1 0
kudago/internal/user/api/user_grpc.pb.go:100.111,104.16 4 0
kudago/internal/user/api/user_grpc.pb.go:104.16,106.3 1 0
kudago/internal/user/api/user_grpc.pb.go:107.2,107.17 1 0
kudago/internal/user/api/user_grpc.pb.go:130.104,132.2 1 0
kudago/internal/user/api/user_grpc.pb.go:133.97,135.2 1 0
kudago/internal/user/api/user_grpc.pb.go:136.99,138.2 1 0
kudago/internal/user/api/user_grpc.pb.go:139.134,141.2 1 0
kudago/internal/user/api/user_grpc.pb.go:142.128,144.2 1 0
kudago/internal/user/api/user_grpc.pb.go:145.89,147.2 1 0
kudago/internal/user/api/user_grpc.pb.go:148.82,148.83 0 0
kudago/internal/user/api/user_grpc.pb.go:149.82,149.83 0 0
kudago/internal/user/api/user_grpc.pb.go:158.80,163.59 1 0
kudago/internal/user/api/user_grpc.pb.go:163.59,165.3 1 0
kudago/internal/user/api/user_grpc.pb.go:166.2,166.50 1 0
kudago/internal/user/api/user_grpc.pb.go:169.168,171.32 2 0
kudago/internal/user/api/user_grpc.pb.go:171.32,173.3 1 0
kudago/internal/user/api/user_grpc.pb.go:174.2,174.24 1 0
kudago/internal/user/api/user_grpc.pb.go:174.24,176.3 1 0
kudago/internal/user/api/user_grpc.pb.go:177.2,181.77 2 0
kudago/internal/user/api/user_grpc.pb.go:181.77,183.3 1 0
kudago/internal/user/api/user_grpc.pb.go:184.2,184.44 1 0
kudago/internal/user/api/user_grpc.pb.go:187.166,189.32 2 0
kudago/internal/user/api/user_grpc.pb.go:189.32,191.3 1 0
kudago/internal/user/api/user_grpc.pb.go:192.2,192.24 1 0
kudago/internal/user/api/user_grpc.pb.go:192.24,194.3 1 0
kudago/internal/user/api/user_grpc.pb.go:195.2,199.77 2 0
kudago/internal/user/api/user_grpc.pb.go:199.77,201.3 1 0
kudago/internal/user/api/user_grpc.pb.go:202.2,202.44 1 0
kudago/internal/user/api/user_grpc.pb.go:205.168,207.32 2 0
kudago/internal/user/api/user_grpc.pb.go:207.32,209.3 1 0
kudago/internal/user/api/user_grpc.pb.go:210.2,210.24 1 0
kudago/internal/user/api/user_grpc.pb.go:210.24,212.3 1 0
kudago/internal/user/api/user_grpc.pb.go:213.2,217.77 2 0
kudago/internal/user/api/user_grpc.pb.go:217.77,219.3 1 0
kudago/internal/user/api/user_grpc.pb.go:220.2,220.44 1 0
kudago/internal/user/api/user_grpc.pb.go:223.173,225.32 2 0
kudago/internal/user/api/user_grpc.pb.go:225.32,227.3 1 0
kudago/internal/user/api/user_grpc.pb.go:228.2,228.24 1 0
kudago/internal/user/api/user_grpc.pb.go:228.24,230.3 1 0
kudago/internal/user/api/user_grpc.pb.go:231.2,235.77 2 0
kudago/internal/user/api/user_grpc.pb.go:235.77,237.3 1 0
kudago/internal/user/api/user_grpc.pb.go:238.2,238.44 1 0
kudago/internal/user/api/user_grpc.pb.go:241.171,243.32 2 0
kudago/internal/user/api/user_grpc.pb.go:243.32,245.3 1 0
kudago/internal/user/api/user_grpc.pb.go:246.2,246.24 1 0
kudago/internal/user/api/user_grpc.pb.go:246.24,248.3 1 0
kudago/internal/user/api/user_grpc.pb.go:249.2,253.77 2 0
kudago/internal/user/api/user_grpc.pb.go:253.77,255.3 1 0
kudago/internal/user/api/user_grpc.pb.go:256.2,256.44 1 0
kudago/internal/user/api/user_grpc.pb.go:259.167,261.32 2 0
kudago/internal/user/api/user_grpc.pb.go:261.32,263.3 1 0
kudago/internal/user/api/user_grpc.pb.go:264.2,264.24 1 0
kudago/internal/user/api/user_grpc.pb.go:264.24,266.3 1 0
kudago/internal/user/api/user_grpc.pb.go:267.2,271.77 2 0
kudago/internal/user/api/user_grpc.pb.go:271.77,273.3 1 0
kudago/internal/user/api/user_grpc.pb.go:274.2,274.44 1 0
kudago/internal/user/grpc/get_profile.go:14.99,16.16 2 1
kudago/internal/user/grpc/get_profile.go:16.16,18.45 2 1
kudago/internal/user/grpc/get_profile.go:18.45,20.4 1 1
kudago/internal/user/grpc/get_profile.go:21.3,21.56 1 1
kudago/internal/user/grpc/get_profile.go:24.2,26.18 2 1
kudago/internal/user/grpc/get_subscribers.go:13.123,15.16 2 1
kudago/internal/user/grpc/get_subscribers.go:15.16,18.3 2 1
kudago/internal/user/grpc/get_subscribers.go:20.2,22.19 2 1
kudago/internal/user/grpc/get_subscribers.go:25.84,28.29 2 1
kudago/internal/user/grpc/get_subscribers.go:28.29,31.3 2 1
kudago/internal/user/grpc/get_subscribers.go:32.2,32.13 1 1
kudago/internal/user/grpc/get_subscriptions.go:14.129,16.16 2 1
kudago/internal/user/grpc/get_subscriptions.go:16.16,17.45 1 1
kudago/internal/user/grpc/get_subscriptions.go:17.45,19.4 1 1
kudago/internal/user/grpc/get_subscriptions.go:20.3,21.56 2 1
kudago/internal/user/grpc/get_subscriptions.go:24.2,26.19 2 1
kudago/internal/user/grpc/get_subscriptions.go:29.71,32.29 2 1
kudago/internal/user/grpc/get_subscriptions.go:32.29,35.3 2 1
kudago/internal/user/grpc/get_subscriptions.go:36.2,36.13 1 1
kudago/internal/user/grpc/subscribe.go:13.92,17.16 3 1
kudago/internal/user/grpc/subscribe.go:17.16,19.14 2 1
kudago/internal/user/grpc/subscribe.go:20.38,21.61 1 1
kudago/internal/user/grpc/subscribe.go:22.34,23.79 1 1
kudago/internal/user/grpc/subscribe.go:24.11,25.57 1 1
kudago/internal/user/grpc/subscribe.go:29.2,29.17 1 1
kudago/internal/user/grpc/unsubscribe.go:14.94,18.16 3 1
kudago/internal/user/grpc/unsubscribe.go:18.16,19.41 1 1
kudago/internal/user/grpc/unsubscribe.go:19.41,21.4 1 1
kudago/internal/user/grpc/unsubscribe.go:22.3,23.56 2 1
kudago/internal/user/grpc/unsubscribe.go:26.2,26.17 1 1
kudago/internal/user/grpc/update_user.go:13.84,22.16 3 1
kudago/internal/user/grpc/update_user.go:22.16,24.3 1 0
kudago/internal/user/grpc/update_user.go:26.2,26.16 1 1
kudago/internal/user/grpc/update_user.go:26.16,28.3 1 1
kudago/internal/user/grpc/update_user.go:30.2,31.16 2 1
kudago/internal/user/grpc/update_user.go:31.16,34.3 2 1
kudago/internal/user/grpc/update_user.go:36.2,38.18 2 1
kudago/internal/user/grpc/user.go:29.74,34.2 1 1
kudago/internal/user/grpc/user.go:36.50,43.2 1 1
kudago/internal/user/grpc/user.go:45.86,50.2 1 1
kudago/internal/user/grpc/tests/mocks/user.go:27.67,31.2 3 1
kudago/internal/user/grpc/tests/mocks/user.go:34.65,36.2 1 1
kudago/internal/user/grpc/tests/mocks/user.go:39.94,45.2 5 1
kudago/internal/user/grpc/tests/mocks/user.go:48.89,51.2 2 1
kudago/internal/user/grpc/tests/mocks/user.go:54.96,60.2 5 1
kudago/internal/user/grpc/tests/mocks/user.go:63.91,66.2 2 1
kudago/internal/user/grpc/tests/mocks/user.go:69.89,75.2 5 1
kudago/internal/user/grpc/tests/mocks/user.go:78.86,81.2 2 1
kudago/internal/user/grpc/tests/mocks/user.go:84.98,89.2 4 1
kudago/internal/user/grpc/tests/mocks/user.go:92.94,95.2 2 1
kudago/internal/user/grpc/tests/mocks/user.go:98.100,103.2 4 1
kudago/internal/user/grpc/tests/mocks/user.go:106.96,109.2 2 1
kudago/internal/user/grpc/tests/mocks/user.go:112.98,118.2 5 1
kudago/internal/user/grpc/tests/mocks/user.go:121.87,124.2 2 1
kudago/internal/user/grpc/tests/mocks/user.go:127.91,133.2 5 1
kudago/internal/user/grpc/tests/mocks/user.go:136.87,139.2 2 1
kudago/internal/models/errors.go:42.35,44.2 1 0
kudago/internal/models/notification_easyjson.go:20.84,22.17 2 0
kudago/internal/models/notification_easyjson.go:22.17,23.17 1 0
kudago/internal/models/notification_easyjson.go:23.17,25.4 1 0
kudago/internal/models/notification_easyjson.go:26.3,27.9 2 0
kudago/internal/models/notification_easyjson.go:29.2,30.23 2 0
kudago/internal/models/notification_easyjson.go:30.23,33.18 3 0
kudago/internal/models/notification_easyjson.go:33.18,36.12 3 0
kudago/internal/models/notification_easyjson.go:38.3,38.14 1 0
kudago/internal/models/notification_easyjson.go:39.13,40.26 1 0
kudago/internal/models/notification_easyjson.go:41.18,42.30 1 0
kudago/internal/models/notification_easyjson.go:43.19,44.31 1 0
kudago/internal/models/notification_easyjson.go:45.20,46.33 1 0
kudago/internal/models/notification_easyjson.go:46.33,48.5 1 0
kudago/internal/models/notification_easyjson.go:49.18,50.37 1 0
kudago/internal/models/notification_easyjson.go:51.11,52.22 1 0
kudago/internal/models/notification_easyjson.go:54.3,54.17 1 0
kudago/internal/models/notification_easyjson.go:56.2,57.16 2 0
kudago/internal/models/notification_easyjson.go:57.16,59.3 1 0
kudago/internal/models/notification_easyjson.go:61.85,65.2 4 0
kudago/internal/models/notification_easyjson.go:65.2,69.3 3 0
kudago/internal/models/notification_easyjson.go:70.2,74.3 3 0
kudago/internal/models/notification_easyjson.go:75.2,79.3 3 0
kudago/internal/models/notification_easyjson.go:80.2,84.3 3 0
kudago/internal/models/notification_easyjson.go:85.2,89.3 3 0
kudago/internal/models/notification_easyjson.go:90.2,90.18 1 0
kudago/internal/models/notification_easyjson.go:94.53,98.2 3 0
kudago/internal/models/notification_easyjson.go:101.58,103.2 1 0
kudago/internal/models/notification_easyjson.go:106.57,110.2 3 0
kudago/internal/models/notification_easyjson.go:113.59,115.2 1 0
kudago/internal/models/user_easyjson.go:20.78,22.17 2 0
kudago/internal/models/user_easyjson.go:22.17,23.17 1 0
kudago/internal/models/user_easyjson.go:23.17,25.4 1 0
kudago/internal/models/user_easyjson.go:26.3,27.9 2 0
kudago/internal/models/user_easyjson.go:29.2,30.23 2 0
kudago/internal/models/user_easyjson.go:30.23,33.18 3 0
kudago/internal/models/user_easyjson.go:33.18,36.12 3 0
kudago/internal/models/user_easyjson.go:38.3,38.14 1 0
kudago/internal/models/user_easyjson.go:39.13,40.26 1 0
kudago/internal/models/user_easyjson.go:41.19,42.38 1 0
kudago/internal/models/user_easyjson.go:43.16,44.35 1 0
kudago/internal/models/user_easyjson.go:45.19,46.38 1 0
kudago/internal/models/user_easyjson.go:47.16,48.38 1 0
kudago/internal/models/user_easyjson.go:49.11,50.22 1 0
kudago/internal/models/user_easyjson.go:52.3,52.17 1 0
kudago/internal/models/user_easyjson.go:54.2,55.16 2 0
kudago/internal/models/user_easyjson.go:55.16,57.3 1 0
kudago/internal/models/user_easyjson.go:59.79,63.2 4 0
kudago/internal/models/user_easyjson.go:63.2,67.3 3 0
kudago/internal/models/user_easyjson.go:68.2,72.3 3 0
kudago/internal/models/user_easyjson.go:73.2,77.3 3 0
kudago/internal/models/user_easyjson.go:78.2,82.3 3 0
kudago/internal/models/user_easyjson.go:83.2,87.3 3 0
kudago/internal/models/user_easyjson.go:88.2,88.18 1 0
kudago/internal/models/user_easyjson.go:92.45,96.2 3 0
kudago/internal/models/user_easyjson.go:99.50,101.2 1 0
kudago/internal/models/user_easyjson.go:104.49,108.2 3 0
kudago/internal/models/user_easyjson.go:111.51,113.2 1 0
kudago/internal/user/repository/get_subscribers.go:17.84,19.16 2 1
kudago/internal/user/repository/get_subscribers.go:19.16,21.3 1 1
kudago/internal/user/repository/get_subscribers.go:22.2,25.18 3 1
kudago/internal/user/repository/get_subscribers.go:25.18,28.17 3 1
kudago/internal/user/repository/get_subscribers.go:28.17,30.4 1 0
kudago/internal/user/repository/get_subscribers.go:31.3,31.46 1 1
kudago/internal/user/repository/get_subscribers.go:34.2,34.34 1 1
kudago/internal/user/repository/get_subscribers.go:34.34,36.3 1 0
kudago/internal/user/repository/get_subscribers.go:38.2,38.27 1 1
kudago/internal/user/repository/get_subscriptions.go:17.86,19.16 2 1
kudago/internal/user/repository/get_subscriptions.go:19.16,21.3 1 1
kudago/internal/user/repository/get_subscriptions.go:22.2,25.18 3 1
kudago/internal/user/repository/get_subscriptions.go:25.18,28.17 3 1
kudago/internal/user/repository/get_subscriptions.go:28.17,30.4 1 0
kudago/internal/user/repository/get_subscriptions.go:31.3,31.46 1 1
kudago/internal/user/repository/get_subscriptions.go:34.2,34.34 1 1
kudago/internal/user/repository/get_subscriptions.go:34.34,36.3 1 0
kudago/internal/user/repository/get_subscriptions.go:38.2,38.27 1 1
kudago/internal/user/repository/get_user_by_email_or_username.go:18.82,23.17 4 1
kudago/internal/user/repository/get_user_by_email_or_username.go:23.17,26.3 2 0
kudago/internal/user/repository/get_user_by_email_or_username.go:28.2,29.16 2 1
kudago/internal/user/repository/get_user_by_email_or_username.go:29.16,30.36 1 1
kudago/internal/user/repository/get_user_by_email_or_username.go:30.36,32.4 1 1
kudago/internal/user/repository/get_user_by_email_or_username.go:33.3,33.58 1 1
kudago/internal/user/repository/get_user_by_email_or_username.go:36.2,36.18 1 1
kudago/internal/user/repository/get_user_by_id.go:14.79,24.26 3 1
kudago/internal/user/repository/get_user_by_id.go:24.26,26.3 1 1
kudago/internal/user/repository/get_user_by_id.go:28.2,29.18 2 1
kudago/internal/user/repository/subscribe.go:18.90,20.16 2 0
kudago/internal/user/repository/subscribe.go:20.16,22.29 2 0
kudago/internal/user/repository/subscribe.go:22.29,24.4 1 0
kudago/internal/user/repository/subscribe.go:25.3,25.51 1 0
kudago/internal/user/repository/subscribe.go:28.2,29.23 2 0
kudago/internal/user/repository/subscribe.go:29.23,31.3 1 0
kudago/internal/user/repository/subscribe.go:32.2,32.12 1 0
kudago/internal/user/repository/unsubscribe.go:14.92,16.16 2 1
kudago/internal/user/repository/unsubscribe.go:16.16,18.3 1 1
kudago/internal/user/repository/unsubscribe.go:20.2,21.23 2 1
kudago/internal/user/repository/unsubscribe.go:21.23,23.3 1 1
kudago/internal/user/repository/unsubscribe.go:24.2,24.12 1 1
kudago/internal/user/repository/update_user.go:21.97,29.16 3 0
kudago/internal/user/repository/update_user.go:29.16,31.3 1 0
kudago/internal/user/repository/update_user.go:33.2,33.18 1 0
kudago/internal/user/repository/users.go:26.31,30.2 1 1
kudago/internal/user/repository/users.go:40.39,41.17 1 0
kudago/internal/user/repository/users.go:41.17,43.3 1 0
kudago/internal/user/repository/users.go:44.2,44.15 1 0
kudago/internal/user/repository/users.go:47.46,49.26 2 1
kudago/internal/user/repository/users.go:49.26,51.3 1 1
kudago/internal/user/repository/users.go:51.8,53.3 1 0
kudago/internal/user/repository/users.go:55.2,60.3 1 1
